2025-12-20 19:13:00,401 - INFO - Guest Mode
2025-12-20 19:13:02,578 - INFO - Done: Digger_Mr._Do_Hack_2004_Csonicgo_WIP.bin
2025-12-20 19:13:02,674 - INFO - Done: 00_coverscreenshot_thumb.jpg
2025-12-20 19:13:02,807 - INFO - Done: Digger_Mr._Do_Hack_2004_Csonicgo_WIP_meta.sqlite
2025-12-20 19:13:02,915 - INFO - Done: 00_coverscreenshot.png
2025-12-20 19:13:03,306 - INFO - Done: __ia_thumb.jpg
2025-12-20 19:13:03,431 - INFO - Done: Digger_Mr._Do_Hack_2004_Csonicgo_WIP_screenshot.gif
2025-12-20 19:13:03,548 - INFO - Done: screenshot_00.png
2025-12-20 19:13:03,715 - INFO - Done: screenshot_00_thumb.jpg
2025-12-20 19:13:03,973 - INFO - Done: screenshot_01.png
2025-12-20 19:13:04,064 - INFO - Done: screenshot_01_thumb.jpg
2025-12-20 19:13:04,274 - INFO - ID not found: "identifier"
2025-12-20 19:13:04,275 - INFO - Discovery Complete.
2025-12-20 19:13:04,389 - INFO - Done: screenshot_02_thumb.jpg
2025-12-20 19:13:04,572 - INFO - Done: screenshot_02.png
2025-12-20 19:13:04,672 - INFO - Done: screenshot_03.png
2025-12-20 19:13:04,764 - INFO - Done: screenshot_03_thumb.jpg
2025-12-20 19:13:05,122 - INFO - Done: screenshot_04.png
2025-12-20 19:13:05,239 - INFO - Done: screenshot_04_thumb.jpg
2025-12-20 19:13:05,339 - INFO - Done: screenshot_05.png
2025-12-20 19:13:05,388 - INFO - Done: screenshot_05_thumb.jpg
2025-12-20 19:13:05,955 - INFO - Done: screenshot_06_thumb.jpg
2025-12-20 19:13:06,085 - INFO - Done: screenshot_07_thumb.jpg
2025-12-20 19:13:06,180 - INFO - Done: screenshot_07.png
2025-12-20 19:13:06,321 - INFO - Done: screenshot_06.png
2025-12-20 19:13:06,571 - INFO - Done: screenshot_08.png
2025-12-20 19:13:06,846 - INFO - Done: screenshot_09.png
2025-12-20 19:13:06,954 - INFO - Done: screenshot_08_thumb.jpg
2025-12-20 19:13:07,037 - INFO - Done: screenshot_09_thumb.jpg
2025-12-20 19:13:07,212 - INFO - Done: screenshot_10.png
2025-12-20 19:13:07,462 - INFO - Done: screenshot_10_thumb.jpg
2025-12-20 19:13:07,604 - INFO - Done: screenshot_11.png
2025-12-20 19:13:07,687 - INFO - Done: screenshot_11_thumb.jpg
2025-12-20 19:13:07,820 - INFO - Done: screenshot_12.png
2025-12-20 19:13:08,270 - INFO - Done: screenshot_12_thumb.jpg
2025-12-20 19:13:08,836 - INFO - Done: 00preview.png
2025-12-20 19:13:08,969 - INFO - Done: 00preview_thumb.jpg
2025-12-20 19:13:09,061 - INFO - Done: Mini_ColecoVision_2410075.zip
2025-12-20 19:13:09,144 - INFO - Done: __ia_thumb.jpg
2025-12-20 19:13:09,436 - INFO - Done: thingiverse-2410075_meta.sqlite
2025-12-20 19:13:10,272 - INFO - Done: Iku_iWsP_h4.description
2025-12-20 19:13:10,752 - INFO - Done: Iku_iWsP_h4.info.json
2025-12-20 19:13:10,860 - INFO - Done: 00_coverscreenshot.png
2025-12-20 19:13:11,047 - INFO - Done: 00_coverscreenshot_thumb.jpg
2025-12-20 19:13:11,193 - INFO - Done: Biplane_Air_Raiders_Air_Raiders_Hack_2005_James_Catalano.bin
2025-12-20 19:13:11,518 - INFO - Done: Biplane_Air_Raiders_Air_Raiders_Hack_2005_James_Catalano_meta.sqlite
2025-12-20 19:13:11,859 - INFO - Done: Iku_iWsP_h4.mp4
2025-12-20 19:13:11,951 - INFO - Done: Biplane_Air_Raiders_Air_Raiders_Hack_2005_James_Catalano_screenshot.gif
2025-12-20 19:13:12,551 - INFO - Done: Iku_iWsP_h4.webp
2025-12-20 19:13:12,717 - INFO - Done: Iku_iWsP_h4.webm
2025-12-20 19:13:12,884 - INFO - Done: __ia_thumb.jpg
2025-12-20 19:13:12,959 - INFO - Done: __ia_thumb.jpg
2025-12-20 19:13:13,150 - INFO - Done: screenshot_00.png
2025-12-20 19:13:13,392 - INFO - Done: youtube-Iku_iWsP_h4.thumbs/Iku_iWsP_h4_000001.jpg
2025-12-20 19:13:13,597 - INFO - Done: youtube-Iku_iWsP_h4.thumbs/Iku_iWsP_h4_000016.jpg
2025-12-20 19:13:14,000 - INFO - Done: screenshot_00_thumb.jpg
2025-12-20 19:13:14,175 - INFO - Done: screenshot_01.png
2025-12-20 19:13:14,300 - INFO - Done: screenshot_01_thumb.jpg
2025-12-20 19:13:14,450 - INFO - Done: youtube-Iku_iWsP_h4.thumbs/Iku_iWsP_h4_000021.jpg
2025-12-20 19:13:14,583 - INFO - Done: youtube-Iku_iWsP_h4.thumbs/Iku_iWsP_h4_000026.jpg
2025-12-20 19:13:14,800 - INFO - Done: youtube-Iku_iWsP_h4.thumbs/Iku_iWsP_h4_000032.jpg
2025-12-20 19:13:14,901 - INFO - Done: screenshot_02.png
2025-12-20 19:13:15,094 - INFO - Done: screenshot_02_thumb.jpg
2025-12-20 19:13:15,299 - INFO - Done: youtube-Iku_iWsP_h4.thumbs/Iku_iWsP_h4_000042.jpg
2025-12-20 19:13:15,408 - INFO - Done: youtube-Iku_iWsP_h4.thumbs/Iku_iWsP_h4_000037.jpg
2025-12-20 19:13:15,515 - INFO - Done: screenshot_03.png
2025-12-20 19:13:15,708 - INFO - Done: screenshot_03_thumb.jpg
2025-12-20 19:13:15,974 - INFO - Done: youtube-Iku_iWsP_h4.thumbs/Iku_iWsP_h4_000048.jpg
2025-12-20 19:13:16,423 - INFO - Done: screenshot_04_thumb.jpg
2025-12-20 19:13:16,532 - INFO - Done: youtube-Iku_iWsP_h4_meta.sqlite
2025-12-20 19:13:16,649 - INFO - Done: screenshot_05.png
2025-12-20 19:13:16,815 - INFO - Done: screenshot_04.png
2025-12-20 19:13:17,106 - INFO - Done: screenshot_05_thumb.jpg
2025-12-20 19:13:17,265 - INFO - Done: screenshot_06_thumb.jpg
2025-12-20 19:13:17,331 - INFO - Done: screenshot_06.png
2025-12-20 19:13:17,723 - INFO - Done: screenshot_07_thumb.jpg
2025-12-20 19:13:17,856 - INFO - Done: screenshot_07.png
2025-12-20 19:13:17,956 - INFO - Done: screenshot_08.png
2025-12-20 19:13:18,098 - INFO - Done: screenshot_08_thumb.jpg
2025-12-20 19:13:18,239 - INFO - Done: screenshot_09_thumb.jpg
2025-12-20 19:13:18,423 - INFO - Done: screenshot_09.png
2025-12-20 19:13:18,731 - INFO - Done: screenshot_10_thumb.jpg
2025-12-20 19:13:18,922 - INFO - Done: screenshot_11.png
2025-12-20 19:13:19,056 - INFO - Done: screenshot_10.png
2025-12-20 19:13:19,613 - INFO - Done: screenshot_12.png
2025-12-20 19:13:19,763 - INFO - Done: screenshot_12_thumb.jpg
2025-12-20 19:13:19,905 - INFO - Done: screenshot_13.png
2025-12-20 19:13:20,114 - INFO - Done: screenshot_11_thumb.jpg
2025-12-20 19:13:20,355 - INFO - Done: screenshot_13_thumb.jpg
2025-12-20 19:13:20,721 - INFO - Done: 00_coverscreenshot.png
2025-12-20 19:13:20,969 - INFO - Done: 00_coverscreenshot_thumb.jpg
2025-12-20 19:13:21,164 - INFO - Done: Borg_Cannonball_Human_Cannonball_Hack_2004_James_Francis.bin
2025-12-20 19:13:21,321 - INFO - Done: Borg_Cannonball_Human_Cannonball_Hack_2004_James_Francis_meta.sqlite
2025-12-20 19:13:21,446 - INFO - Done: Borg_Cannonball_Human_Cannonball_Hack_2004_James_Francis_screenshot.gif
2025-12-20 19:13:21,612 - INFO - Done: __ia_thumb.jpg
2025-12-20 19:13:21,803 - INFO - Done: screenshot_00.png
2025-12-20 19:13:21,918 - INFO - Done: screenshot_00_thumb.jpg
2025-12-20 19:13:22,099 - INFO - Done: screenshot_01.png
2025-12-20 19:13:22,562 - INFO - Done: screenshot_01_thumb.jpg
2025-12-20 19:13:22,737 - INFO - Done: 00_coverscreenshot.png
2025-12-20 19:13:22,909 - INFO - Done: Bobby_Is_Going_Home_Rentacom.bin
2025-12-20 19:13:23,070 - INFO - Done: 00_coverscreenshot_thumb.jpg
2025-12-20 19:13:23,309 - INFO - Done: Bobby_Is_Going_Home_Rentacom_meta.sqlite
2025-12-20 19:13:23,700 - INFO - Done: __ia_thumb.jpg
2025-12-20 19:13:23,794 - INFO - Done: Bobby_Is_Going_Home_Rentacom_screenshot.gif
2025-12-20 19:13:23,934 - INFO - Done: screenshot_00_thumb.jpg
2025-12-20 19:13:24,171 - INFO - Done: screenshot_00.png
2025-12-20 19:13:24,393 - INFO - Done: screenshot_01.png
2025-12-20 19:13:24,533 - INFO - Done: screenshot_01_thumb.jpg
2025-12-20 19:13:24,675 - INFO - Done: screenshot_02.png
2025-12-20 19:13:24,862 - INFO - Done: screenshot_02_thumb.jpg
2025-12-20 19:13:25,008 - INFO - Done: screenshot_03.png
2025-12-20 19:13:25,301 - INFO - Done: screenshot_03_thumb.jpg
2025-12-20 19:13:25,393 - INFO - Done: screenshot_04.png
2025-12-20 19:13:25,578 - INFO - Done: screenshot_04_thumb.jpg
2025-12-20 19:13:25,718 - INFO - Done: screenshot_05.png
2025-12-20 19:13:25,851 - INFO - Done: screenshot_06.png
2025-12-20 19:13:25,985 - INFO - Done: screenshot_05_thumb.jpg
2025-12-20 19:13:26,176 - INFO - Done: screenshot_06_thumb.jpg
2025-12-20 19:13:26,326 - INFO - Done: screenshot_07.png
2025-12-20 19:13:26,559 - INFO - Done: screenshot_07_thumb.jpg
2025-12-20 19:13:26,666 - INFO - Done: screenshot_08.png
2025-12-20 19:13:26,801 - INFO - Done: screenshot_08_thumb.jpg
2025-12-20 19:13:27,434 - INFO - Done: screenshot_09.png
2025-12-20 19:13:27,542 - INFO - Done: screenshot_09_thumb.jpg
2025-12-20 19:13:27,625 - INFO - Done: screenshot_10.png
2025-12-20 19:13:27,725 - INFO - Done: screenshot_10_thumb.jpg
2025-12-20 19:13:28,708 - INFO - Done: Greeting_Cart_VGA_2003_Andrew_Davie.bin
2025-12-20 19:13:28,817 - INFO - Done: 00_coverscreenshot_thumb.jpg
2025-12-20 19:13:28,916 - INFO - Done: Greeting_Cart_VGA_2003_Andrew_Davie_meta.sqlite
2025-12-20 19:13:29,108 - INFO - Done: 00_coverscreenshot.png
2025-12-20 19:13:29,682 - INFO - Done: __ia_thumb.jpg
2025-12-20 19:13:29,832 - INFO - Done: screenshot_00_thumb.jpg
2025-12-20 19:13:29,982 - INFO - Done: Greeting_Cart_VGA_2003_Andrew_Davie_screenshot.gif
2025-12-20 19:13:30,099 - INFO - Done: screenshot_00.png
2025-12-20 19:13:31,181 - INFO - Done: Game_Poems_Stately_Hippo_1K_2008_Ian_Bogost_meta.sqlite
2025-12-20 19:13:31,298 - INFO - Done: 00_coverscreenshot_thumb.jpg
2025-12-20 19:13:31,415 - INFO - Done: 00_coverscreenshot.png
2025-12-20 19:13:31,548 - INFO - Done: Game_Poems_Stately_Hippo_1K_2008_Ian_Bogost.bin
2025-12-20 19:13:32,014 - INFO - Done: Game_Poems_Stately_Hippo_1K_2008_Ian_Bogost_screenshot.gif
2025-12-20 19:13:32,148 - INFO - Done: screenshot_00.png
2025-12-20 19:13:32,272 - INFO - Done: screenshot_00_thumb.jpg
2025-12-20 19:13:32,440 - INFO - Done: __ia_thumb.jpg
2025-12-20 19:13:32,747 - INFO - Done: screenshot_01.png
2025-12-20 19:13:32,897 - INFO - Done: screenshot_01.png
2025-12-20 19:13:33,047 - INFO - Done: screenshot_01_thumb.jpg
2025-12-20 19:13:33,214 - INFO - Done: screenshot_02.png
2025-12-20 19:13:33,642 - INFO - Done: screenshot_02_thumb.jpg
2025-12-20 19:13:33,778 - INFO - Done: screenshot_01_thumb.jpg
2025-12-20 19:13:33,867 - INFO - Done: screenshot_02.png
2025-12-20 19:13:33,972 - INFO - Done: screenshot_03.png
2025-12-20 19:13:34,683 - INFO - Done: screenshot_03.png
2025-12-20 19:13:34,788 - INFO - Done: screenshot_02_thumb.jpg
2025-12-20 19:13:34,849 - INFO - Done: screenshot_03_thumb.jpg
2025-12-20 19:13:34,991 - INFO - Done: screenshot_04.png
2025-12-20 19:13:35,341 - INFO - Done: screenshot_04_thumb.jpg
2025-12-20 19:13:35,570 - INFO - Done: screenshot_03_thumb.jpg
2025-12-20 19:13:35,662 - INFO - Done: screenshot_04.png
2025-12-20 19:13:35,753 - INFO - Done: screenshot_04_thumb.jpg
2025-12-20 19:13:36,140 - INFO - Done: screenshot_05.png
2025-12-20 19:13:36,407 - INFO - Done: screenshot_05_thumb.jpg
2025-12-20 19:13:36,498 - INFO - Done: screenshot_06.png
2025-12-20 19:13:36,606 - INFO - Done: screenshot_06_thumb.jpg
2025-12-20 19:13:36,786 - INFO - Done: screenshot_07.png
2025-12-20 19:13:37,114 - INFO - Done: screenshot_07_thumb.jpg
2025-12-20 19:13:37,408 - INFO - Done: screenshot_08.png
2025-12-20 19:13:37,577 - INFO - Done: screenshot_09.png
2025-12-20 19:13:37,752 - INFO - Done: screenshot_08_thumb.jpg
2025-12-20 19:13:37,844 - INFO - Done: screenshot_09_thumb.jpg
2025-12-20 19:13:38,097 - INFO - Done: screenshot_10.png
2025-12-20 19:13:38,272 - INFO - Done: screenshot_10_thumb.jpg
2025-12-20 19:13:38,439 - INFO - Done: screenshot_11.png
2025-12-20 19:13:38,560 - INFO - Done: screenshot_11_thumb.jpg
2025-12-20 19:13:38,825 - INFO - Done: screenshot_12.png
2025-12-20 19:13:39,052 - INFO - Done: screenshot_12_thumb.jpg
2025-12-20 19:13:39,546 - INFO - Done: 00_coverscreenshot_thumb.jpg
2025-12-20 19:13:39,667 - INFO - Done: 00_coverscreenshot.png
2025-12-20 19:13:39,742 - INFO - Done: Game_Poems_Sunday_Coffee_1K_2008_Ian_Bogost_meta.sqlite
2025-12-20 19:13:39,846 - INFO - Done: Game_Poems_Sunday_Coffee_1K_2008_Ian_Bogost.bin
2025-12-20 19:13:40,220 - INFO - Done: Game_Poems_Sunday_Coffee_1K_2008_Ian_Bogost_screenshot.gif
2025-12-20 19:13:40,322 - INFO - Done: __ia_thumb.jpg
2025-12-20 19:13:40,442 - INFO - Done: screenshot_00.png
2025-12-20 19:13:40,692 - INFO - Done: screenshot_00_thumb.jpg
2025-12-20 19:13:40,850 - INFO - Done: screenshot_01.png
2025-12-20 19:13:40,975 - INFO - Done: screenshot_01_thumb.jpg
2025-12-20 19:13:41,764 - INFO - Done: 00_coverscreenshot_thumb.jpg
2025-12-20 19:13:41,872 - INFO - Done: 00_coverscreenshot.png
2025-12-20 19:13:42,014 - INFO - Done: Blob_The_Halloween_Hack_2002_Cody_Pittman.bin
2025-12-20 19:13:42,114 - INFO - Done: Blob_The_Halloween_Hack_2002_Cody_Pittman_meta.sqlite
2025-12-20 19:13:42,514 - INFO - Done: Blob_The_Halloween_Hack_2002_Cody_Pittman_screenshot.gif
2025-12-20 19:13:42,666 - INFO - Done: __ia_thumb.jpg
2025-12-20 19:13:42,797 - INFO - Done: screenshot_00.png
2025-12-20 19:13:42,913 - INFO - Done: screenshot_00_thumb.jpg
2025-12-20 19:13:43,205 - INFO - Done: screenshot_01.png
2025-12-20 19:13:43,349 - INFO - Done: screenshot_01_thumb.jpg
2025-12-20 19:13:43,522 - INFO - Done: screenshot_02.png
2025-12-20 19:13:43,789 - INFO - Done: screenshot_02_thumb.jpg
2025-12-20 19:13:43,981 - INFO - Done: thingiverse-1565877_meta.sqlite
2025-12-20 19:13:44,330 - INFO - Done: Battery_box_3x_18650_1565877.zip
2025-12-20 19:13:44,530 - INFO - Done: 00_coverscreenshot_thumb.jpg
2025-12-20 19:13:44,720 - INFO - Done: 00_coverscreenshot.png
2025-12-20 19:13:44,855 - INFO - Done: Console_Wars_Space_Jockey_Hack_2000_Greg_Thompson.bin
2025-12-20 19:13:45,122 - INFO - Done: Console_Wars_Space_Jockey_Hack_2000_Greg_Thompson_meta.sqlite
2025-12-20 19:13:45,305 - INFO - Done: __ia_thumb.jpg
2025-12-20 19:13:45,412 - INFO - Done: Console_Wars_Space_Jockey_Hack_2000_Greg_Thompson_screenshot.gif
2025-12-20 19:13:45,520 - INFO - Done: screenshot_00.png
2025-12-20 19:13:45,847 - INFO - Done: screenshot_00_thumb.jpg
2025-12-20 19:13:46,014 - INFO - Done: screenshot_01.png
2025-12-20 19:13:46,197 - INFO - Done: screenshot_02.png
2025-12-20 19:13:46,261 - INFO - Done: screenshot_01_thumb.jpg
2025-12-20 19:13:46,546 - INFO - Done: screenshot_02_thumb.jpg
2025-12-20 19:13:46,744 - INFO - Done: screenshot_03.png
2025-12-20 19:13:46,853 - INFO - Done: screenshot_03_thumb.jpg
2025-12-20 19:13:46,988 - INFO - Done: screenshot_04.png
2025-12-20 19:13:47,137 - INFO - Done: screenshot_04_thumb.jpg
2025-12-20 19:13:47,387 - INFO - Done: screenshot_05.png
2025-12-20 19:13:47,504 - INFO - Done: screenshot_05_thumb.jpg
2025-12-20 19:13:47,687 - INFO - Done: screenshot_06.png
2025-12-20 19:13:47,745 - INFO - Done: screenshot_07.png
2025-12-20 19:13:47,871 - INFO - Done: screenshot_06_thumb.jpg
2025-12-20 19:13:48,189 - INFO - Done: screenshot_07_thumb.jpg
2025-12-20 19:13:48,354 - INFO - Done: screenshot_08.png
2025-12-20 19:13:48,413 - INFO - Done: screenshot_08_thumb.jpg
2025-12-20 19:13:48,513 - INFO - Done: screenshot_09.png
2025-12-20 19:13:48,792 - INFO - Done: screenshot_10.png
2025-12-20 19:13:48,918 - INFO - Done: screenshot_09_thumb.jpg
2025-12-20 19:13:49,036 - INFO - Done: screenshot_10_thumb.jpg
2025-12-20 19:13:49,136 - INFO - Done: screenshot_11.png
2025-12-20 19:13:49,321 - INFO - Done: screenshot_11_thumb.jpg
2025-12-20 19:13:49,588 - INFO - Done: screenshot_12.png
2025-12-20 19:13:49,703 - INFO - Done: screenshot_12_thumb.jpg
2025-12-20 19:13:50,077 - INFO - Done: screenshot_13.png
2025-12-20 19:13:50,261 - INFO - Done: screenshot_13_thumb.jpg
2025-12-20 19:13:50,503 - INFO - Done: screenshot_14.png
2025-12-20 19:13:50,610 - INFO - Done: screenshot_14_thumb.jpg
2025-12-20 19:13:50,760 - INFO - Done: screenshot_15.png
2025-12-20 19:13:51,072 - INFO - Done: screenshot_15_thumb.jpg
2025-12-20 19:13:51,294 - INFO - Done: screenshot_17.png
2025-12-20 19:13:51,385 - INFO - Done: screenshot_16_thumb.jpg
2025-12-20 19:13:51,576 - INFO - Done: screenshot_16.png
2025-12-20 19:13:51,687 - INFO - Done: screenshot_18.png
2025-12-20 19:13:51,743 - INFO - Done: screenshot_17_thumb.jpg
2025-12-20 19:13:52,043 - INFO - Done: screenshot_18_thumb.jpg
2025-12-20 19:13:52,699 - INFO - Done: kaidogames.-atari-2600_meta.sqlite
2025-12-20 19:36:17,706 - INFO - Guest Mode
2025-12-20 19:36:19,877 - INFO - Done: 00_coverscreenshot_thumb.jpg
2025-12-20 19:36:20,077 - INFO - Done: thingiverse-1565877_meta.sqlite
2025-12-20 19:36:20,201 - INFO - Done: 00_coverscreenshot.png
2025-12-20 19:36:20,318 - INFO - Done: Battery_box_3x_18650_1565877.zip
2025-12-20 19:36:20,515 - INFO - ID not found: "identifier"
2025-12-20 19:36:20,626 - INFO - Done: Digger_Mr._Do_Hack_2004_Csonicgo_WIP.bin
2025-12-20 19:36:20,743 - INFO - Done: Digger_Mr._Do_Hack_2004_Csonicgo_WIP_meta.sqlite
2025-12-20 19:36:20,976 - INFO - Done: __ia_thumb.jpg
2025-12-20 19:36:21,076 - INFO - Done: Digger_Mr._Do_Hack_2004_Csonicgo_WIP_screenshot.gif
2025-12-20 19:36:21,276 - INFO - Done: screenshot_00.png
2025-12-20 19:36:21,282 - INFO - Discovery Complete.
2025-12-20 19:36:21,417 - INFO - Done: screenshot_00_thumb.jpg
2025-12-20 19:36:21,642 - INFO - Done: screenshot_02.png
2025-12-20 19:36:21,809 - INFO - Done: screenshot_01_thumb.jpg
2025-12-20 19:36:21,967 - INFO - Done: screenshot_01.png
2025-12-20 19:36:22,075 - INFO - Done: screenshot_02_thumb.jpg
2025-12-20 19:36:22,217 - INFO - Done: screenshot_03.png
2025-12-20 19:36:22,450 - INFO - Done: screenshot_03_thumb.jpg
2025-12-20 19:36:22,625 - INFO - Done: screenshot_04.png
2025-12-20 19:36:22,779 - INFO - Done: screenshot_04_thumb.jpg
2025-12-20 19:36:22,900 - INFO - Done: screenshot_05.png
2025-12-20 19:36:23,550 - INFO - Done: screenshot_05_thumb.jpg
2025-12-20 19:36:23,683 - INFO - Done: screenshot_07.png
2025-12-20 19:36:23,900 - INFO - Done: screenshot_06_thumb.jpg
2025-12-20 19:36:24,075 - INFO - Done: screenshot_06.png
2025-12-20 19:36:24,266 - INFO - Done: screenshot_07_thumb.jpg
2025-12-20 19:36:24,349 - INFO - Done: screenshot_08.png
2025-12-20 19:36:24,457 - INFO - Done: screenshot_08_thumb.jpg
2025-12-20 19:36:24,674 - INFO - Done: screenshot_09_thumb.jpg
2025-12-20 19:36:24,807 - INFO - Done: screenshot_09.png
2025-12-20 19:36:24,999 - INFO - Done: screenshot_10.png
2025-12-20 19:36:25,165 - INFO - Done: screenshot_10_thumb.jpg
2025-12-20 19:36:25,357 - INFO - Done: screenshot_11.png
2025-12-20 19:36:25,557 - INFO - Done: screenshot_11_thumb.jpg
2025-12-20 19:36:25,840 - INFO - Done: screenshot_12.png
2025-12-20 19:36:26,056 - INFO - Done: screenshot_12_thumb.jpg
2025-12-20 19:36:26,715 - INFO - Done: 00preview.png
2025-12-20 19:36:27,014 - INFO - Done: __ia_thumb.jpg
2025-12-20 19:36:27,205 - INFO - Done: Mini_ColecoVision_2410075.zip
2025-12-20 19:36:27,380 - INFO - Done: thingiverse-2410075_meta.sqlite
2025-12-20 19:36:27,647 - INFO - Done: 00preview_thumb.jpg
2025-12-20 19:36:28,130 - INFO - Done: 00_coverscreenshot.png
2025-12-20 19:36:29,096 - INFO - Done: Console_Wars_Space_Jockey_Hack_2000_Greg_Thompson.bin
2025-12-20 19:36:29,272 - INFO - Done: Console_Wars_Space_Jockey_Hack_2000_Greg_Thompson_meta.sqlite
2025-12-20 19:36:29,356 - INFO - Done: Console_Wars_Space_Jockey_Hack_2000_Greg_Thompson_screenshot.gif
2025-12-20 19:36:29,529 - INFO - Done: 00_coverscreenshot_thumb.jpg
2025-12-20 19:36:29,712 - INFO - Done: __ia_thumb.jpg
2025-12-20 19:36:29,912 - INFO - Done: screenshot_00.png
2025-12-20 19:36:30,037 - INFO - Done: screenshot_00_thumb.jpg
2025-12-20 19:36:30,245 - INFO - Done: screenshot_01.png
2025-12-20 19:36:30,395 - INFO - Done: screenshot_01_thumb.jpg
2025-12-20 19:36:30,587 - INFO - Done: screenshot_02.png
2025-12-20 19:36:30,840 - INFO - Done: screenshot_02_thumb.jpg
2025-12-20 19:36:30,937 - INFO - Done: screenshot_03.png
2025-12-20 19:36:31,062 - INFO - Done: screenshot_03_thumb.jpg
2025-12-20 19:36:31,303 - INFO - Done: screenshot_04.png
2025-12-20 19:36:31,561 - INFO - Done: screenshot_04_thumb.jpg
2025-12-20 19:36:31,711 - INFO - Done: screenshot_05.png
2025-12-20 19:36:31,886 - INFO - Done: screenshot_05_thumb.jpg
2025-12-20 19:36:32,119 - INFO - Done: screenshot_06.png
2025-12-20 19:36:32,403 - INFO - Done: screenshot_06_thumb.jpg
2025-12-20 19:36:32,669 - INFO - Done: screenshot_07.png
2025-12-20 19:36:32,775 - INFO - Done: screenshot_07_thumb.jpg
2025-12-20 19:36:32,883 - INFO - Done: screenshot_08.png
2025-12-20 19:36:33,180 - INFO - Done: screenshot_08_thumb.jpg
2025-12-20 19:36:33,377 - INFO - Done: screenshot_09.png
2025-12-20 19:36:33,475 - INFO - Done: screenshot_09_thumb.jpg
2025-12-20 19:36:33,891 - INFO - Done: screenshot_10.png
2025-12-20 19:36:34,146 - INFO - Done: screenshot_10_thumb.jpg
2025-12-20 19:36:34,291 - INFO - Done: screenshot_11_thumb.jpg
2025-12-20 19:36:34,393 - INFO - Done: screenshot_11.png
2025-12-20 19:36:34,633 - INFO - Done: screenshot_12.png
2025-12-20 19:36:34,812 - INFO - Done: screenshot_12_thumb.jpg
2025-12-20 19:36:34,954 - INFO - Done: screenshot_13.png
2025-12-20 19:36:35,084 - INFO - Done: screenshot_13_thumb.jpg
2025-12-20 19:36:35,359 - INFO - Done: screenshot_14.png
2025-12-20 19:36:35,534 - INFO - Done: screenshot_14_thumb.jpg
2025-12-20 19:36:35,845 - INFO - Done: screenshot_15.png
2025-12-20 19:36:36,033 - INFO - Done: screenshot_15_thumb.jpg
2025-12-20 19:36:36,150 - INFO - Done: screenshot_16.png
2025-12-20 19:36:36,308 - INFO - Done: screenshot_16_thumb.jpg
2025-12-20 19:36:36,470 - INFO - Done: screenshot_17_thumb.jpg
2025-12-20 19:36:36,578 - INFO - Done: screenshot_17.png
2025-12-20 19:36:36,800 - INFO - Done: screenshot_18.png
2025-12-20 19:36:36,974 - INFO - Done: screenshot_18_thumb.jpg
2025-12-20 19:36:37,274 - INFO - Done: 00_coverscreenshot.png
2025-12-20 19:36:37,537 - INFO - Done: Bobby_Is_Going_Home_Rentacom.bin
2025-12-20 19:36:37,635 - INFO - Done: 00_coverscreenshot_thumb.jpg
2025-12-20 19:36:37,822 - INFO - Done: Bobby_Is_Going_Home_Rentacom_meta.sqlite
2025-12-20 19:36:38,165 - INFO - Done: Bobby_Is_Going_Home_Rentacom_screenshot.gif
2025-12-20 19:36:38,307 - INFO - Done: __ia_thumb.jpg
2025-12-20 19:36:38,451 - INFO - Done: screenshot_00.png
2025-12-20 19:36:38,585 - INFO - Done: screenshot_00_thumb.jpg
2025-12-20 19:36:38,957 - INFO - Done: screenshot_01.png
2025-12-20 19:36:39,048 - INFO - Done: screenshot_01_thumb.jpg
2025-12-20 19:36:39,193 - INFO - Done: screenshot_02.png
2025-12-20 19:36:39,343 - INFO - Done: screenshot_02_thumb.jpg
2025-12-20 19:36:39,609 - INFO - Done: screenshot_03.png
2025-12-20 19:36:39,706 - INFO - Done: screenshot_03_thumb.jpg
2025-12-20 19:36:39,881 - INFO - Done: screenshot_04.png
2025-12-20 19:36:39,981 - INFO - Done: screenshot_04_thumb.jpg
2025-12-20 19:36:40,173 - INFO - Done: screenshot_05.png
2025-12-20 19:36:40,323 - INFO - Done: screenshot_05_thumb.jpg
2025-12-20 19:36:40,571 - INFO - Done: screenshot_06.png
2025-12-20 19:36:40,979 - INFO - Done: screenshot_07.png
2025-12-20 19:36:41,179 - INFO - Done: screenshot_07_thumb.jpg
2025-12-20 19:36:41,321 - INFO - Done: screenshot_06_thumb.jpg
2025-12-20 19:36:41,420 - INFO - Done: screenshot_08.png
2025-12-20 19:36:41,555 - INFO - Done: screenshot_09.png
2025-12-20 19:36:41,662 - INFO - Done: screenshot_08_thumb.jpg
2025-12-20 19:36:42,005 - INFO - Done: screenshot_09_thumb.jpg
2025-12-20 19:36:42,220 - INFO - Done: screenshot_10_thumb.jpg
2025-12-20 19:36:42,503 - INFO - Done: screenshot_10.png
2025-12-20 19:36:42,846 - INFO - Done: 00_coverscreenshot.png
2025-12-20 19:36:43,136 - INFO - Done: 00_coverscreenshot_thumb.jpg
2025-12-20 19:36:43,269 - INFO - Done: Game_Poems_Sunday_Coffee_1K_2008_Ian_Bogost.bin
2025-12-20 19:36:43,479 - INFO - Done: Game_Poems_Sunday_Coffee_1K_2008_Ian_Bogost_meta.sqlite
2025-12-20 19:36:43,620 - INFO - Done: Game_Poems_Sunday_Coffee_1K_2008_Ian_Bogost_screenshot.gif
2025-12-20 19:36:43,795 - INFO - Done: __ia_thumb.jpg
2025-12-20 19:36:43,951 - INFO - Done: screenshot_00.png
2025-12-20 19:36:44,062 - INFO - Done: screenshot_00_thumb.jpg
2025-12-20 19:36:44,170 - INFO - Done: screenshot_01.png
2025-12-20 19:36:44,454 - INFO - Done: screenshot_01_thumb.jpg
2025-12-20 19:36:45,103 - INFO - Done: 00_coverscreenshot.png
2025-12-20 19:36:45,236 - INFO - Done: Game_Poems_Stately_Hippo_1K_2008_Ian_Bogost.bin
2025-12-20 19:36:45,386 - INFO - Done: 00_coverscreenshot_thumb.jpg
2025-12-20 19:36:45,494 - INFO - Done: Game_Poems_Stately_Hippo_1K_2008_Ian_Bogost_meta.sqlite
2025-12-20 19:36:45,852 - INFO - Done: __ia_thumb.jpg
2025-12-20 19:36:45,986 - INFO - Done: Game_Poems_Stately_Hippo_1K_2008_Ian_Bogost_screenshot.gif
2025-12-20 19:36:46,085 - INFO - Done: screenshot_00.png
2025-12-20 19:36:46,244 - INFO - Done: screenshot_00_thumb.jpg
2025-12-20 19:36:46,569 - INFO - Done: screenshot_01.png
2025-12-20 19:36:46,702 - INFO - Done: screenshot_01_thumb.jpg
2025-12-20 19:36:46,810 - INFO - Done: screenshot_02.png
2025-12-20 19:36:46,924 - INFO - Done: screenshot_02_thumb.jpg
2025-12-20 19:36:47,310 - INFO - Done: screenshot_03.png
2025-12-20 19:36:47,539 - INFO - Done: screenshot_03_thumb.jpg
2025-12-20 19:36:47,760 - INFO - Done: screenshot_04_thumb.jpg
2025-12-20 19:36:48,043 - INFO - Done: screenshot_04.png
2025-12-20 19:36:48,226 - INFO - Done: screenshot_05.png
2025-12-20 19:36:48,342 - INFO - Done: screenshot_05_thumb.jpg
2025-12-20 19:36:48,484 - INFO - Done: screenshot_06.png
2025-12-20 19:36:48,742 - INFO - Done: screenshot_06_thumb.jpg
2025-12-20 19:36:48,917 - INFO - Done: screenshot_07.png
2025-12-20 19:36:49,054 - INFO - Done: screenshot_07_thumb.jpg
2025-12-20 19:36:49,192 - INFO - Done: screenshot_08.png
2025-12-20 19:36:49,800 - INFO - Done: screenshot_09_thumb.jpg
2025-12-20 19:36:49,929 - INFO - Done: screenshot_10.png
2025-12-20 19:36:50,151 - INFO - Done: screenshot_08_thumb.jpg
2025-12-20 19:36:50,279 - INFO - Done: screenshot_09.png
2025-12-20 19:36:50,458 - INFO - Done: screenshot_10_thumb.jpg
2025-12-20 19:36:50,666 - INFO - Done: screenshot_11.png
2025-12-20 19:36:50,825 - INFO - Done: screenshot_11_thumb.jpg
2025-12-20 19:36:50,970 - INFO - Done: screenshot_12.png
2025-12-20 19:36:51,216 - INFO - Done: screenshot_12_thumb.jpg
2025-12-20 19:36:51,574 - INFO - Done: 00_coverscreenshot.png
2025-12-20 19:36:51,690 - INFO - Done: Greeting_Cart_VGA_2003_Andrew_Davie.bin
2025-12-20 19:36:51,878 - INFO - Done: 00_coverscreenshot_thumb.jpg
2025-12-20 19:36:52,099 - INFO - Done: Greeting_Cart_VGA_2003_Andrew_Davie_meta.sqlite
2025-12-20 19:36:52,442 - INFO - Done: __ia_thumb.jpg
2025-12-20 19:36:52,627 - INFO - Done: Greeting_Cart_VGA_2003_Andrew_Davie_screenshot.gif
2025-12-20 19:36:52,797 - INFO - Done: screenshot_00_thumb.jpg
2025-12-20 19:36:52,986 - INFO - Done: screenshot_00.png
2025-12-20 19:36:53,131 - INFO - Done: screenshot_01.png
2025-12-20 19:36:53,335 - INFO - Done: screenshot_02.png
2025-12-20 19:36:53,440 - INFO - Done: screenshot_01_thumb.jpg
2025-12-20 19:36:53,760 - INFO - Done: screenshot_02_thumb.jpg
2025-12-20 19:36:53,831 - INFO - Done: screenshot_03.png
2025-12-20 19:36:54,093 - INFO - Done: screenshot_03_thumb.jpg
2025-12-20 19:36:54,206 - INFO - Done: screenshot_04.png
2025-12-20 19:36:54,545 - INFO - Done: screenshot_04_thumb.jpg
2025-12-20 19:36:55,067 - INFO - Done: 00_coverscreenshot_thumb.jpg
2025-12-20 19:36:55,234 - INFO - Done: kaidogames.-atari-2600_meta.sqlite
2025-12-20 19:36:55,434 - INFO - Done: 00_coverscreenshot.png
2025-12-20 19:36:55,562 - INFO - Done: Blob_The_Halloween_Hack_2002_Cody_Pittman_meta.sqlite
2025-12-20 19:36:55,694 - INFO - Done: Blob_The_Halloween_Hack_2002_Cody_Pittman.bin
2025-12-20 19:36:56,041 - INFO - Done: Blob_The_Halloween_Hack_2002_Cody_Pittman_screenshot.gif
2025-12-20 19:36:56,505 - INFO - Done: __ia_thumb.jpg
2025-12-20 19:36:56,654 - INFO - Done: screenshot_00_thumb.jpg
2025-12-20 19:36:56,962 - INFO - Done: screenshot_00.png
2025-12-20 19:36:57,166 - INFO - Done: screenshot_01.png
2025-12-20 19:36:57,295 - INFO - Done: 00_coverscreenshot.png
2025-12-20 19:36:57,629 - INFO - Done: 00_coverscreenshot_thumb.jpg
2025-12-20 19:36:57,912 - INFO - Done: Borg_Cannonball_Human_Cannonball_Hack_2004_James_Francis_meta.sqlite
2025-12-20 19:36:58,037 - INFO - Done: screenshot_01_thumb.jpg
2025-12-20 19:36:58,190 - INFO - Done: Borg_Cannonball_Human_Cannonball_Hack_2004_James_Francis.bin
2025-12-20 19:36:58,561 - INFO - Done: Borg_Cannonball_Human_Cannonball_Hack_2004_James_Francis_screenshot.gif
2025-12-20 19:36:58,665 - INFO - Done: screenshot_02.png
2025-12-20 19:36:58,749 - INFO - Done: __ia_thumb.jpg
2025-12-20 19:36:58,903 - INFO - Done: screenshot_02_thumb.jpg
2025-12-20 19:36:59,306 - INFO - Done: screenshot_00.png
2025-12-20 19:36:59,411 - INFO - Done: screenshot_01.png
2025-12-20 19:36:59,561 - INFO - Done: screenshot_00_thumb.jpg
2025-12-20 19:36:59,954 - INFO - Done: screenshot_01_thumb.jpg
2025-12-20 19:37:01,008 - INFO - Done: 00_coverscreenshot_thumb.jpg
2025-12-20 19:37:01,125 - INFO - Done: 00_coverscreenshot.png
2025-12-20 19:37:01,250 - INFO - Done: Biplane_Air_Raiders_Air_Raiders_Hack_2005_James_Catalano.bin
2025-12-20 19:37:01,547 - INFO - Done: Biplane_Air_Raiders_Air_Raiders_Hack_2005_James_Catalano_meta.sqlite
2025-12-20 19:37:01,825 - INFO - Done: Biplane_Air_Raiders_Air_Raiders_Hack_2005_James_Catalano_screenshot.gif
2025-12-20 19:37:01,949 - INFO - Done: screenshot_00.png
2025-12-20 19:37:02,207 - INFO - Done: __ia_thumb.jpg
2025-12-20 19:37:02,349 - INFO - Done: screenshot_00_thumb.jpg
2025-12-20 19:37:02,474 - INFO - Done: screenshot_01.png
2025-12-20 19:37:02,641 - INFO - Done: screenshot_01_thumb.jpg
2025-12-20 19:37:02,915 - INFO - Done: screenshot_02.png
2025-12-20 19:37:03,257 - INFO - Done: screenshot_02_thumb.jpg
2025-12-20 19:37:03,373 - INFO - Done: screenshot_03_thumb.jpg
2025-12-20 19:37:03,507 - INFO - Done: screenshot_03.png
2025-12-20 19:37:03,581 - INFO - Done: screenshot_04.png
2025-12-20 19:37:03,975 - INFO - Done: screenshot_04_thumb.jpg
2025-12-20 19:37:04,148 - INFO - Done: screenshot_05.png
2025-12-20 19:37:04,223 - INFO - Done: screenshot_05_thumb.jpg
2025-12-20 19:37:04,323 - INFO - Done: screenshot_06.png
2025-12-20 19:37:04,631 - INFO - Done: screenshot_06_thumb.jpg
2025-12-20 19:37:04,748 - INFO - Done: screenshot_08.png
2025-12-20 19:37:04,897 - INFO - Done: screenshot_07.png
2025-12-20 19:37:05,028 - INFO - Done: screenshot_07_thumb.jpg
2025-12-20 19:37:05,280 - INFO - Done: screenshot_08_thumb.jpg
2025-12-20 19:37:05,422 - INFO - Done: screenshot_09.png
2025-12-20 19:37:05,489 - INFO - Done: screenshot_09_thumb.jpg
2025-12-20 19:37:05,761 - INFO - Done: screenshot_10.png
2025-12-20 19:37:05,947 - INFO - Done: screenshot_10_thumb.jpg
2025-12-20 19:37:06,158 - INFO - Done: screenshot_11.png
2025-12-20 19:37:06,263 - INFO - Done: screenshot_11_thumb.jpg
2025-12-20 19:37:06,480 - INFO - Done: screenshot_12.png
2025-12-20 19:37:06,562 - INFO - Done: screenshot_12_thumb.jpg
2025-12-20 19:37:06,738 - INFO - Done: screenshot_13.png
2025-12-20 19:37:06,872 - INFO - Done: screenshot_13_thumb.jpg
2025-12-20 19:37:07,690 - INFO - Done: Iku_iWsP_h4.description
2025-12-20 19:37:08,097 - INFO - Done: Iku_iWsP_h4.info.json
2025-12-20 19:37:08,299 - INFO - Done: Iku_iWsP_h4.mp4
2025-12-20 19:37:08,464 - INFO - Done: Iku_iWsP_h4.webp
2025-12-20 19:37:08,797 - INFO - Done: __ia_thumb.jpg
2025-12-20 19:37:08,939 - INFO - Done: Iku_iWsP_h4.webm
2025-12-20 19:37:09,232 - INFO - Done: youtube-Iku_iWsP_h4.thumbs/Iku_iWsP_h4_000001.jpg
2025-12-20 19:37:09,322 - INFO - Done: youtube-Iku_iWsP_h4.thumbs/Iku_iWsP_h4_000021.jpg
2025-12-20 19:37:09,545 - INFO - Done: youtube-Iku_iWsP_h4.thumbs/Iku_iWsP_h4_000016.jpg
2025-12-20 19:37:09,730 - INFO - Done: youtube-Iku_iWsP_h4.thumbs/Iku_iWsP_h4_000026.jpg
2025-12-20 19:37:09,896 - INFO - Done: youtube-Iku_iWsP_h4.thumbs/Iku_iWsP_h4_000037.jpg
2025-12-20 19:37:10,005 - INFO - Done: youtube-Iku_iWsP_h4.thumbs/Iku_iWsP_h4_000032.jpg
2025-12-20 19:37:10,138 - INFO - Done: youtube-Iku_iWsP_h4.thumbs/Iku_iWsP_h4_000042.jpg
2025-12-20 19:37:10,546 - INFO - Done: youtube-Iku_iWsP_h4.thumbs/Iku_iWsP_h4_000048.jpg
2025-12-20 19:37:10,679 - INFO - Done: youtube-Iku_iWsP_h4_meta.sqlite
2025-12-20 21:18:54,887 - INFO - Guest Mode
2025-12-20 21:18:55,031 - INFO - Cleaning up residual partial files...
2025-12-20 21:18:56,987 - INFO - Done: 00_coverscreenshot_thumb.jpg
2025-12-20 21:18:57,071 - INFO - Done: Biplane_Air_Raiders_Air_Raiders_Hack_2005_James_Catalano.bin
2025-12-20 21:18:57,122 - INFO - Done: Biplane_Air_Raiders_Air_Raiders_Hack_2005_James_Catalano_meta.sqlite
2025-12-20 21:18:57,189 - INFO - Done: 00_coverscreenshot.png
2025-12-20 21:18:57,627 - INFO - Done: __ia_thumb.jpg
2025-12-20 21:18:57,728 - INFO - Done: screenshot_00.png
2025-12-20 21:18:57,779 - INFO - Done: Biplane_Air_Raiders_Air_Raiders_Hack_2005_James_Catalano_screenshot.gif
2025-12-20 21:18:57,895 - INFO - ID not found: "identifier"
2025-12-20 21:18:58,165 - INFO - Done: 00_coverscreenshot.png
2025-12-20 21:18:58,316 - INFO - Done: screenshot_00_thumb.jpg
2025-12-20 21:18:58,442 - INFO - Discovery Complete.
2025-12-20 21:18:58,529 - INFO - Done: 00_coverscreenshot_thumb.jpg
2025-12-20 21:18:58,613 - INFO - Done: Borg_Cannonball_Human_Cannonball_Hack_2004_James_Francis.bin
2025-12-20 21:18:58,781 - INFO - Done: Borg_Cannonball_Human_Cannonball_Hack_2004_James_Francis_meta.sqlite
2025-12-20 21:18:59,588 - INFO - Done: Borg_Cannonball_Human_Cannonball_Hack_2004_James_Francis_screenshot.gif
2025-12-20 21:18:59,673 - INFO - Done: screenshot_01.png
2025-12-20 21:18:59,706 - INFO - Done: __ia_thumb.jpg
2025-12-20 21:18:59,892 - INFO - Done: screenshot_00_thumb.jpg
2025-12-20 21:18:59,976 - INFO - Done: screenshot_00.png
2025-12-20 21:19:00,203 - INFO - Done: screenshot_01_thumb.jpg
2025-12-20 21:19:00,287 - INFO - Done: screenshot_01.png
2025-12-20 21:19:00,423 - INFO - Done: screenshot_02.png
2025-12-20 21:19:00,532 - INFO - Done: screenshot_01_thumb.jpg
2025-12-20 21:19:00,743 - INFO - Done: screenshot_02_thumb.jpg
2025-12-20 21:19:00,819 - INFO - Done: screenshot_03.png
2025-12-20 21:19:01,039 - INFO - Done: screenshot_03_thumb.jpg
2025-12-20 21:19:01,123 - INFO - Done: screenshot_05.png
2025-12-20 21:19:01,208 - INFO - Done: screenshot_04.png
2025-12-20 21:19:01,342 - INFO - Done: screenshot_04_thumb.jpg
2025-12-20 21:19:02,302 - INFO - Done: screenshot_05_thumb.jpg
2025-12-20 21:19:02,387 - INFO - Done: screenshot_06.png
2025-12-20 21:19:02,472 - INFO - Done: screenshot_07.png
2025-12-20 21:19:02,581 - INFO - Done: screenshot_06_thumb.jpg
2025-12-20 21:19:02,849 - INFO - Done: screenshot_07_thumb.jpg
2025-12-20 21:19:03,419 - INFO - Done: screenshot_08.png
2025-12-20 21:19:03,503 - INFO - Done: 00_coverscreenshot.png
2025-12-20 21:19:03,580 - INFO - Done: Blob_The_Halloween_Hack_2002_Cody_Pittman.bin
2025-12-20 21:19:03,689 - INFO - Done: 00_coverscreenshot_thumb.jpg
2025-12-20 21:19:04,024 - INFO - Done: screenshot_08_thumb.jpg
2025-12-20 21:19:04,134 - INFO - Done: Blob_The_Halloween_Hack_2002_Cody_Pittman_meta.sqlite
2025-12-20 21:19:04,192 - INFO - Done: __ia_thumb.jpg
2025-12-20 21:19:04,277 - INFO - Done: Blob_The_Halloween_Hack_2002_Cody_Pittman_screenshot.gif
2025-12-20 21:19:04,597 - INFO - Done: screenshot_00.png
2025-12-20 21:19:04,698 - INFO - Done: screenshot_00_thumb.jpg
2025-12-20 21:19:04,799 - INFO - Done: screenshot_01.png
2025-12-20 21:19:05,194 - INFO - Done: screenshot_01_thumb.jpg
2025-12-20 21:19:05,278 - INFO - Done: screenshot_02.png
2025-12-20 21:19:05,354 - INFO - Done: screenshot_09.png
2025-12-20 21:19:05,499 - INFO - Done: screenshot_02_thumb.jpg
2025-12-20 21:19:05,591 - INFO - Done: screenshot_10.png
2025-12-20 21:19:05,785 - INFO - Done: screenshot_09_thumb.jpg
2025-12-20 21:19:05,962 - INFO - Done: screenshot_10_thumb.jpg
2025-12-20 21:19:06,047 - INFO - Done: screenshot_11.png
2025-12-20 21:19:06,200 - INFO - Done: screenshot_11_thumb.jpg
2025-12-20 21:19:06,284 - INFO - Done: screenshot_12.png
2025-12-20 21:19:06,452 - INFO - Done: screenshot_12_thumb.jpg
2025-12-20 21:19:06,536 - INFO - Done: screenshot_13.png
2025-12-20 21:19:06,713 - INFO - Done: screenshot_13_thumb.jpg
2025-12-20 21:19:07,374 - INFO - Done: thingiverse-1565877_meta.sqlite
2025-12-20 21:19:07,559 - INFO - Done: Battery_box_3x_18650_1565877.zip
2025-12-20 21:19:07,711 - INFO - Done: Iku_iWsP_h4.description
2025-12-20 21:19:08,096 - INFO - Done: 00preview_thumb.jpg
2025-12-20 21:19:08,180 - INFO - Done: 00preview.png
2025-12-20 21:19:08,389 - INFO - Done: Iku_iWsP_h4.info.json
2025-12-20 21:19:09,076 - INFO - Done: Mini_ColecoVision_2410075.zip
2025-12-20 21:19:09,151 - INFO - Done: Iku_iWsP_h4.mp4
2025-12-20 21:19:09,244 - INFO - Done: __ia_thumb.jpg
2025-12-20 21:19:09,654 - INFO - Done: Iku_iWsP_h4.webp
2025-12-20 21:19:09,739 - INFO - Done: thingiverse-2410075_meta.sqlite
2025-12-20 21:19:09,823 - INFO - Done: __ia_thumb.jpg
2025-12-20 21:19:09,994 - INFO - Done: youtube-Iku_iWsP_h4.thumbs/Iku_iWsP_h4_000001.jpg
2025-12-20 21:19:10,119 - INFO - Done: youtube-Iku_iWsP_h4.thumbs/Iku_iWsP_h4_000016.jpg
2025-12-20 21:19:10,195 - INFO - Done: youtube-Iku_iWsP_h4.thumbs/Iku_iWsP_h4_000021.jpg
2025-12-20 21:19:10,356 - INFO - Done: youtube-Iku_iWsP_h4.thumbs/Iku_iWsP_h4_000026.jpg
2025-12-20 21:19:10,440 - INFO - Done: youtube-Iku_iWsP_h4.thumbs/Iku_iWsP_h4_000032.jpg
2025-12-20 21:19:10,524 - INFO - Done: youtube-Iku_iWsP_h4.thumbs/Iku_iWsP_h4_000037.jpg
2025-12-20 21:19:10,619 - INFO - Done: youtube-Iku_iWsP_h4.thumbs/Iku_iWsP_h4_000042.jpg
2025-12-20 21:19:10,695 - INFO - Done: youtube-Iku_iWsP_h4.thumbs/Iku_iWsP_h4_000048.jpg
2025-12-20 21:19:11,163 - INFO - Done: youtube-Iku_iWsP_h4_meta.sqlite
2025-12-20 21:19:11,315 - INFO - Done: Iku_iWsP_h4.webm
2025-12-20 21:19:11,466 - INFO - Done: 00_coverscreenshot.png
2025-12-20 21:19:11,719 - INFO - Done: kaidogames.-atari-2600_meta.sqlite
2025-12-20 21:19:12,005 - INFO - Done: Digger_Mr._Do_Hack_2004_Csonicgo_WIP.bin
2025-12-20 21:19:12,147 - INFO - Done: 00_coverscreenshot_thumb.jpg
2025-12-20 21:19:12,231 - INFO - Done: Digger_Mr._Do_Hack_2004_Csonicgo_WIP_meta.sqlite
2025-12-20 21:19:12,341 - INFO - Done: __ia_thumb.jpg
2025-12-20 21:19:12,760 - INFO - Done: Digger_Mr._Do_Hack_2004_Csonicgo_WIP_screenshot.gif
2025-12-20 21:19:12,837 - INFO - Done: screenshot_00.png
2025-12-20 21:19:12,913 - INFO - Done: screenshot_00_thumb.jpg
2025-12-20 21:19:13,106 - INFO - Done: screenshot_01.png
2025-12-20 21:19:13,291 - INFO - Done: screenshot_01_thumb.jpg
2025-12-20 21:19:13,409 - INFO - Done: screenshot_02.png
2025-12-20 21:19:13,485 - INFO - Done: screenshot_02_thumb.jpg
2025-12-20 21:19:13,705 - INFO - Done: screenshot_03.png
2025-12-20 21:19:13,797 - INFO - Done: screenshot_03_thumb.jpg
2025-12-20 21:19:14,024 - INFO - Done: screenshot_04.png
2025-12-20 21:19:14,058 - INFO - Done: screenshot_04_thumb.jpg
2025-12-20 21:19:14,327 - INFO - Done: screenshot_05.png
2025-12-20 21:19:14,472 - INFO - Done: screenshot_05_thumb.jpg
2025-12-20 21:19:14,607 - INFO - Done: screenshot_06.png
2025-12-20 21:19:14,691 - INFO - Done: screenshot_06_thumb.jpg
2025-12-20 21:19:14,859 - INFO - Done: screenshot_07.png
2025-12-20 21:19:14,952 - INFO - Done: screenshot_08_thumb.jpg
2025-12-20 21:19:15,044 - INFO - Done: screenshot_07_thumb.jpg
2025-12-20 21:19:15,296 - INFO - Done: screenshot_08.png
2025-12-20 21:19:15,407 - INFO - Done: screenshot_09.png
2025-12-20 21:19:15,516 - INFO - Done: screenshot_09_thumb.jpg
2025-12-20 21:19:15,609 - INFO - Done: screenshot_10.png
2025-12-20 21:19:15,862 - INFO - Done: screenshot_10_thumb.jpg
2025-12-20 21:19:15,946 - INFO - Done: screenshot_11.png
2025-12-20 21:19:16,090 - INFO - Done: screenshot_11_thumb.jpg
2025-12-20 21:19:16,266 - INFO - Done: screenshot_12.png
2025-12-20 21:19:16,435 - INFO - Done: screenshot_12_thumb.jpg
2025-12-20 21:19:16,954 - INFO - Done: 00_coverscreenshot.png
2025-12-20 21:19:17,038 - INFO - Done: Game_Poems_Sunday_Coffee_1K_2008_Ian_Bogost.bin
2025-12-20 21:19:17,114 - INFO - Done: 00_coverscreenshot_thumb.jpg
2025-12-20 21:19:17,300 - INFO - Done: Game_Poems_Sunday_Coffee_1K_2008_Ian_Bogost_meta.sqlite
2025-12-20 21:19:17,477 - INFO - Done: Game_Poems_Sunday_Coffee_1K_2008_Ian_Bogost_screenshot.gif
2025-12-20 21:19:17,620 - INFO - Done: __ia_thumb.jpg
2025-12-20 21:19:17,704 - INFO - Done: screenshot_00.png
2025-12-20 21:19:17,805 - INFO - Done: screenshot_00_thumb.jpg
2025-12-20 21:19:18,042 - INFO - Done: screenshot_01.png
2025-12-20 21:19:18,186 - INFO - Done: screenshot_01_thumb.jpg
2025-12-20 21:19:18,762 - INFO - Done: 00_coverscreenshot.png
2025-12-20 21:19:18,846 - INFO - Done: Console_Wars_Space_Jockey_Hack_2000_Greg_Thompson.bin
2025-12-20 21:19:18,930 - INFO - Done: 00_coverscreenshot_thumb.jpg
2025-12-20 21:19:18,980 - INFO - Done: Console_Wars_Space_Jockey_Hack_2000_Greg_Thompson_meta.sqlite
2025-12-20 21:19:19,365 - INFO - Done: __ia_thumb.jpg
2025-12-20 21:19:19,467 - INFO - Done: Console_Wars_Space_Jockey_Hack_2000_Greg_Thompson_screenshot.gif
2025-12-20 21:19:19,552 - INFO - Done: screenshot_00.png
2025-12-20 21:19:19,636 - INFO - Done: screenshot_00_thumb.jpg
2025-12-20 21:19:19,913 - INFO - Done: screenshot_01.png
2025-12-20 21:19:20,007 - INFO - Done: screenshot_01_thumb.jpg
2025-12-20 21:19:20,149 - INFO - Done: screenshot_02.png
2025-12-20 21:19:20,252 - INFO - Done: screenshot_02_thumb.jpg
2025-12-20 21:19:20,344 - INFO - Done: screenshot_03_thumb.jpg
2025-12-20 21:19:20,488 - INFO - Done: screenshot_03.png
2025-12-20 21:19:20,723 - INFO - Done: screenshot_04.png
2025-12-20 21:19:20,791 - INFO - Done: screenshot_04_thumb.jpg
2025-12-20 21:19:20,884 - INFO - Done: screenshot_05.png
2025-12-20 21:19:21,062 - INFO - Done: screenshot_05_thumb.jpg
2025-12-20 21:19:21,171 - INFO - Done: screenshot_07.png
2025-12-20 21:19:21,272 - INFO - Done: screenshot_06.png
2025-12-20 21:19:21,306 - INFO - Done: screenshot_06_thumb.jpg
2025-12-20 21:19:21,609 - INFO - Done: screenshot_07_thumb.jpg
2025-12-20 21:19:21,837 - INFO - Done: screenshot_08.png
2025-12-20 21:19:21,921 - INFO - Done: screenshot_09.png
2025-12-20 21:19:22,005 - INFO - Done: screenshot_08_thumb.jpg
2025-12-20 21:19:22,115 - INFO - Done: screenshot_10.png
2025-12-20 21:19:22,224 - INFO - Done: screenshot_09_thumb.jpg
2025-12-20 21:19:22,467 - INFO - Done: screenshot_10_thumb.jpg
2025-12-20 21:19:22,552 - INFO - Done: screenshot_11.png
2025-12-20 21:19:22,652 - INFO - Done: screenshot_11_thumb.jpg
2025-12-20 21:19:22,797 - INFO - Done: screenshot_12.png
2025-12-20 21:19:22,974 - INFO - Done: screenshot_12_thumb.jpg
2025-12-20 21:19:23,134 - INFO - Done: screenshot_13.png
2025-12-20 21:19:23,218 - INFO - Done: screenshot_13_thumb.jpg
2025-12-20 21:19:23,437 - INFO - Done: screenshot_14.png
2025-12-20 21:19:23,506 - INFO - Done: screenshot_14_thumb.jpg
2025-12-20 21:19:23,708 - INFO - Done: screenshot_15.png
2025-12-20 21:19:23,784 - INFO - Done: screenshot_15_thumb.jpg
2025-12-20 21:19:23,960 - INFO - Done: screenshot_16.png
2025-12-20 21:19:24,044 - INFO - Done: screenshot_16_thumb.jpg
2025-12-20 21:19:24,273 - INFO - Done: screenshot_17.png
2025-12-20 21:19:24,307 - INFO - Done: screenshot_17_thumb.jpg
2025-12-20 21:19:24,483 - INFO - Done: screenshot_18.png
2025-12-20 21:19:24,559 - INFO - Done: screenshot_18_thumb.jpg
2025-12-20 21:19:25,079 - INFO - Done: 00_coverscreenshot.png
2025-12-20 21:19:25,180 - INFO - Done: Bobby_Is_Going_Home_Rentacom.bin
2025-12-20 21:19:25,265 - INFO - Done: Bobby_Is_Going_Home_Rentacom_meta.sqlite
2025-12-20 21:19:25,358 - INFO - Done: 00_coverscreenshot_thumb.jpg
2025-12-20 21:19:25,819 - INFO - Done: __ia_thumb.jpg
2025-12-20 21:19:25,878 - INFO - Done: screenshot_00.png
2025-12-20 21:19:25,928 - INFO - Done: screenshot_00_thumb.jpg
2025-12-20 21:19:25,971 - INFO - Done: Bobby_Is_Going_Home_Rentacom_screenshot.gif
2025-12-20 21:19:26,355 - INFO - Done: screenshot_01.png
2025-12-20 21:19:26,473 - INFO - Done: screenshot_01_thumb.jpg
2025-12-20 21:19:26,567 - INFO - Done: screenshot_02_thumb.jpg
2025-12-20 21:19:26,643 - INFO - Done: screenshot_02.png
2025-12-20 21:19:26,853 - INFO - Done: screenshot_03.png
2025-12-20 21:19:27,038 - INFO - Done: screenshot_03_thumb.jpg
2025-12-20 21:19:27,122 - INFO - Done: screenshot_04.png
2025-12-20 21:19:27,223 - INFO - Done: screenshot_04_thumb.jpg
2025-12-20 21:19:27,385 - INFO - Done: screenshot_05.png
2025-12-20 21:19:27,553 - INFO - Done: screenshot_05_thumb.jpg
2025-12-20 21:19:27,645 - INFO - Done: screenshot_06.png
2025-12-20 21:19:27,789 - INFO - Done: screenshot_06_thumb.jpg
2025-12-20 21:19:27,906 - INFO - Done: screenshot_07.png
2025-12-20 21:19:28,077 - INFO - Done: screenshot_08_thumb.jpg
2025-12-20 21:19:28,153 - INFO - Done: screenshot_07_thumb.jpg
2025-12-20 21:19:28,237 - INFO - Done: screenshot_08.png
2025-12-20 21:19:28,431 - INFO - Done: screenshot_09.png
2025-12-20 21:19:28,599 - INFO - Done: screenshot_09_thumb.jpg
2025-12-20 21:19:28,811 - INFO - Done: screenshot_10.png
2025-12-20 21:19:28,895 - INFO - Done: screenshot_10_thumb.jpg
2025-12-20 21:19:29,171 - INFO - Done: 00_coverscreenshot.png
2025-12-20 21:19:29,472 - INFO - Done: 00_coverscreenshot_thumb.jpg
2025-12-20 21:19:29,506 - INFO - Done: Greeting_Cart_VGA_2003_Andrew_Davie.bin
2025-12-20 21:19:29,607 - INFO - Done: Greeting_Cart_VGA_2003_Andrew_Davie_meta.sqlite
2025-12-20 21:19:29,870 - INFO - Done: screenshot_00_thumb.jpg
2025-12-20 21:19:29,946 - INFO - Done: Greeting_Cart_VGA_2003_Andrew_Davie_screenshot.gif
2025-12-20 21:19:30,414 - INFO - Done: screenshot_00.png
2025-12-20 21:19:30,707 - INFO - Done: screenshot_01.png
2025-12-20 21:19:30,799 - INFO - Done: __ia_thumb.jpg
2025-12-20 21:19:30,899 - INFO - Done: screenshot_01_thumb.jpg
2025-12-20 21:19:31,000 - INFO - Done: screenshot_02.png
2025-12-20 21:19:31,218 - INFO - Done: screenshot_02_thumb.jpg
2025-12-20 21:19:31,388 - INFO - Done: screenshot_03.png
2025-12-20 21:19:31,473 - INFO - Done: screenshot_03_thumb.jpg
2025-12-20 21:19:31,557 - INFO - Done: screenshot_04.png
2025-12-20 21:19:31,792 - INFO - Done: screenshot_04_thumb.jpg
2025-12-20 21:19:32,443 - INFO - Done: 00_coverscreenshot.png
2025-12-20 21:19:32,588 - INFO - Done: 00_coverscreenshot_thumb.jpg
2025-12-20 21:19:32,672 - INFO - Done: Game_Poems_Stately_Hippo_1K_2008_Ian_Bogost_meta.sqlite
2025-12-20 21:19:32,773 - INFO - Done: Game_Poems_Stately_Hippo_1K_2008_Ian_Bogost.bin
2025-12-20 21:19:33,175 - INFO - Done: __ia_thumb.jpg
2025-12-20 21:19:33,252 - INFO - Done: screenshot_00.png
2025-12-20 21:19:33,327 - INFO - Done: Game_Poems_Stately_Hippo_1K_2008_Ian_Bogost_screenshot.gif
2025-12-20 21:19:33,430 - INFO - Done: screenshot_00_thumb.jpg
2025-12-20 21:19:33,722 - INFO - Done: screenshot_01.png
2025-12-20 21:19:33,832 - INFO - Done: screenshot_01_thumb.jpg
2025-12-20 21:19:33,899 - INFO - Done: screenshot_02.png
2025-12-20 21:19:34,017 - INFO - Done: screenshot_02_thumb.jpg
2025-12-20 21:19:34,303 - INFO - Done: screenshot_03.png
2025-12-20 21:19:34,395 - INFO - Done: screenshot_03_thumb.jpg
2025-12-20 21:19:34,481 - INFO - Done: screenshot_04.png
2025-12-20 21:19:34,607 - INFO - Done: screenshot_04_thumb.jpg
2025-12-20 21:19:34,851 - INFO - Done: screenshot_05.png
2025-12-20 21:19:35,002 - INFO - Done: screenshot_05_thumb.jpg
2025-12-20 21:19:35,129 - INFO - Done: screenshot_06.png
2025-12-20 21:19:35,212 - INFO - Done: screenshot_06_thumb.jpg
2025-12-20 21:19:35,458 - INFO - Done: screenshot_07.png
2025-12-20 21:19:35,542 - INFO - Done: screenshot_08_thumb.jpg
2025-12-20 21:19:35,627 - INFO - Done: screenshot_07_thumb.jpg
2025-12-20 21:19:35,837 - INFO - Done: screenshot_08.png
2025-12-20 21:19:36,128 - INFO - Done: screenshot_09.png
2025-12-20 21:19:36,212 - INFO - Done: screenshot_10.png
2025-12-20 21:19:36,305 - INFO - Done: screenshot_09_thumb.jpg
2025-12-20 21:19:36,440 - INFO - Done: screenshot_10_thumb.jpg
2025-12-20 21:19:36,651 - INFO - Done: screenshot_11.png
2025-12-20 21:19:36,760 - INFO - Done: screenshot_11_thumb.jpg
2025-12-20 21:19:36,853 - INFO - Done: screenshot_12.png
2025-12-20 21:19:37,072 - INFO - Done: screenshot_12_thumb.jpg
2025-12-20 22:12:36,576 - INFO - Guest Mode
2025-12-20 22:12:38,642 - INFO - Done: 00_coverscreenshot_thumb.jpg
2025-12-20 22:12:38,728 - INFO - Done: Iku_iWsP_h4.description
2025-12-20 22:12:38,829 - INFO - Done: 00_coverscreenshot.png
2025-12-20 22:12:39,189 - INFO - Done: Biplane_Air_Raiders_Air_Raiders_Hack_2005_James_Catalano.bin
2025-12-20 22:12:39,515 - INFO - Done: Iku_iWsP_h4.info.json
2025-12-20 22:12:39,549 - INFO - Done: kaidogames.-atari-2600_meta.sqlite
2025-12-20 22:12:39,816 - INFO - ID not found: "identifier"
2025-12-20 22:12:40,222 - INFO - Discovery Complete.
2025-12-20 22:12:40,236 - INFO - Done: Iku_iWsP_h4.mp4
2025-12-20 22:12:40,295 - INFO - Done: __ia_thumb.jpg
2025-12-20 22:12:40,447 - INFO - Done: Iku_iWsP_h4.webp
2025-12-20 22:12:40,607 - INFO - Done: youtube-Iku_iWsP_h4.thumbs/Iku_iWsP_h4_000001.jpg
2025-12-20 22:12:40,717 - INFO - Done: youtube-Iku_iWsP_h4.thumbs/Iku_iWsP_h4_000016.jpg
2025-12-20 22:12:40,802 - INFO - Done: youtube-Iku_iWsP_h4.thumbs/Iku_iWsP_h4_000021.jpg
2025-12-20 22:12:40,969 - INFO - Done: youtube-Iku_iWsP_h4.thumbs/Iku_iWsP_h4_000026.jpg
2025-12-20 22:12:41,029 - INFO - Done: youtube-Iku_iWsP_h4.thumbs/Iku_iWsP_h4_000032.jpg
2025-12-20 22:12:41,114 - INFO - Done: youtube-Iku_iWsP_h4.thumbs/Iku_iWsP_h4_000037.jpg
2025-12-20 22:12:41,173 - INFO - Done: Iku_iWsP_h4.webm
2025-12-20 22:12:41,375 - INFO - Done: youtube-Iku_iWsP_h4.thumbs/Iku_iWsP_h4_000042.jpg
2025-12-20 22:12:41,434 - INFO - Done: youtube-Iku_iWsP_h4.thumbs/Iku_iWsP_h4_000048.jpg
2025-12-20 22:12:41,686 - INFO - Done: Biplane_Air_Raiders_Air_Raiders_Hack_2005_James_Catalano_meta.sqlite
2025-12-20 22:12:41,830 - INFO - Done: youtube-Iku_iWsP_h4_meta.sqlite
2025-12-20 22:12:41,957 - INFO - Done: __ia_thumb.jpg
2025-12-20 22:12:42,084 - INFO - Done: Biplane_Air_Raiders_Air_Raiders_Hack_2005_James_Catalano_screenshot.gif
2025-12-20 22:12:42,451 - INFO - Done: screenshot_00_thumb.jpg
2025-12-20 22:12:42,519 - INFO - Done: screenshot_01.png
2025-12-20 22:12:42,594 - INFO - Done: screenshot_00.png
2025-12-20 22:12:42,855 - INFO - Done: screenshot_01_thumb.jpg
2025-12-20 22:12:42,940 - INFO - Done: screenshot_02.png
2025-12-20 22:12:43,033 - INFO - Done: screenshot_02_thumb.jpg
2025-12-20 22:12:43,117 - INFO - Done: screenshot_03_thumb.jpg
2025-12-20 22:12:43,210 - INFO - Done: screenshot_03.png
2025-12-20 22:12:43,469 - INFO - Done: screenshot_04.png
2025-12-20 22:12:43,562 - INFO - Done: screenshot_04_thumb.jpg
2025-12-20 22:12:43,648 - INFO - Done: screenshot_05.png
2025-12-20 22:12:43,724 - INFO - Done: screenshot_05_thumb.jpg
2025-12-20 22:12:43,977 - INFO - Done: screenshot_06.png
2025-12-20 22:12:44,120 - INFO - Done: screenshot_06_thumb.jpg
2025-12-20 22:12:44,238 - INFO - Done: screenshot_07.png
2025-12-20 22:12:44,332 - INFO - Done: screenshot_07_thumb.jpg
2025-12-20 22:12:45,125 - INFO - Done: screenshot_09_thumb.jpg
2025-12-20 22:12:45,167 - INFO - Done: screenshot_08.png
2025-12-20 22:12:45,260 - INFO - Done: screenshot_09.png
2025-12-20 22:12:45,344 - INFO - Done: screenshot_08_thumb.jpg
2025-12-20 22:12:45,478 - INFO - Done: screenshot_11.png
2025-12-20 22:12:45,689 - INFO - Done: screenshot_10_thumb.jpg
2025-12-20 22:12:45,774 - INFO - Done: screenshot_10.png
2025-12-20 22:12:45,858 - INFO - Done: screenshot_11_thumb.jpg
2025-12-20 22:12:46,052 - INFO - Done: screenshot_12.png
2025-12-20 22:12:46,212 - INFO - Done: screenshot_12_thumb.jpg
2025-12-20 22:12:46,271 - INFO - Done: screenshot_13.png
2025-12-20 22:12:46,329 - INFO - Done: screenshot_13_thumb.jpg
2025-12-20 22:12:47,206 - INFO - Done: 00_coverscreenshot.png
2025-12-20 22:12:47,231 - INFO - Done: 00_coverscreenshot_thumb.jpg
2025-12-20 22:12:47,342 - INFO - Done: Digger_Mr._Do_Hack_2004_Csonicgo_WIP.bin
2025-12-20 22:12:47,418 - INFO - Done: Digger_Mr._Do_Hack_2004_Csonicgo_WIP_meta.sqlite
2025-12-20 22:12:47,769 - INFO - Done: __ia_thumb.jpg
2025-12-20 22:12:47,921 - INFO - Done: screenshot_00.png
2025-12-20 22:12:47,947 - INFO - Done: Digger_Mr._Do_Hack_2004_Csonicgo_WIP_screenshot.gif
2025-12-20 22:12:48,022 - INFO - Done: screenshot_00_thumb.jpg
2025-12-20 22:12:48,384 - INFO - Done: screenshot_01.png
2025-12-20 22:12:48,536 - INFO - Done: screenshot_02.png
2025-12-20 22:12:48,561 - INFO - Done: screenshot_02_thumb.jpg
2025-12-20 22:12:48,595 - INFO - Done: screenshot_01_thumb.jpg
2025-12-20 22:12:48,913 - INFO - Done: screenshot_03.png
2025-12-20 22:12:49,073 - INFO - Done: screenshot_03_thumb.jpg
2025-12-20 22:12:49,115 - INFO - Done: screenshot_04_thumb.jpg
2025-12-20 22:12:49,218 - INFO - Done: screenshot_04.png
2025-12-20 22:12:49,428 - INFO - Done: screenshot_05.png
2025-12-20 22:12:49,622 - INFO - Done: screenshot_05_thumb.jpg
2025-12-20 22:12:49,715 - INFO - Done: screenshot_06.png
2025-12-20 22:12:49,807 - INFO - Done: screenshot_06_thumb.jpg
2025-12-20 22:12:49,986 - INFO - Done: screenshot_07.png
2025-12-20 22:12:50,188 - INFO - Done: screenshot_07_thumb.jpg
2025-12-20 22:12:50,272 - INFO - Done: screenshot_08.png
2025-12-20 22:12:50,382 - INFO - Done: screenshot_08_thumb.jpg
2025-12-20 22:12:50,808 - INFO - Done: screenshot_09.png
2025-12-20 22:12:50,833 - INFO - Done: screenshot_09_thumb.jpg
2025-12-20 22:12:50,876 - INFO - Done: screenshot_10.png
2025-12-20 22:12:50,961 - INFO - Done: screenshot_10_thumb.jpg
2025-12-20 22:12:51,155 - INFO - Done: screenshot_12.png
2025-12-20 22:12:51,725 - INFO - Done: screenshot_11.png
2025-12-20 22:12:51,793 - INFO - Done: screenshot_11_thumb.jpg
2025-12-20 22:12:51,879 - INFO - Done: screenshot_12_thumb.jpg
2025-12-20 22:12:52,355 - INFO - Done: Blob_The_Halloween_Hack_2002_Cody_Pittman.bin
2025-12-20 22:12:52,548 - INFO - Done: 00_coverscreenshot_thumb.jpg
2025-12-20 22:12:52,633 - INFO - Done: Blob_The_Halloween_Hack_2002_Cody_Pittman_meta.sqlite
2025-12-20 22:12:52,835 - INFO - Done: 00_coverscreenshot.png
2025-12-20 22:12:53,063 - INFO - Done: __ia_thumb.jpg
2025-12-20 22:12:53,164 - INFO - Done: screenshot_00.png
2025-12-20 22:12:53,265 - INFO - Done: Blob_The_Halloween_Hack_2002_Cody_Pittman_screenshot.gif
2025-12-20 22:12:53,425 - INFO - Done: screenshot_00_thumb.jpg
2025-12-20 22:12:53,585 - INFO - Done: screenshot_01.png
2025-12-20 22:12:53,669 - INFO - Done: screenshot_01_thumb.jpg
2025-12-20 22:12:53,897 - INFO - Done: screenshot_02.png
2025-12-20 22:12:53,990 - INFO - Done: screenshot_02_thumb.jpg
2025-12-20 22:12:59,534 - INFO - Done: Console_Wars_Space_Jockey_Hack_2000_Greg_Thompson.bin
2025-12-20 22:12:59,637 - INFO - Done: 00_coverscreenshot_thumb.jpg
2025-12-20 22:12:59,721 - INFO - Done: 00_coverscreenshot.png
2025-12-20 22:12:59,822 - INFO - Done: Console_Wars_Space_Jockey_Hack_2000_Greg_Thompson_meta.sqlite
2025-12-20 22:13:00,240 - INFO - Done: Console_Wars_Space_Jockey_Hack_2000_Greg_Thompson_screenshot.gif
2025-12-20 22:13:00,315 - INFO - Done: screenshot_00.png
2025-12-20 22:13:00,400 - INFO - Done: __ia_thumb.jpg
2025-12-20 22:13:00,467 - INFO - Done: screenshot_00_thumb.jpg
2025-12-20 22:13:00,821 - INFO - Done: screenshot_01.png
2025-12-20 22:13:00,922 - INFO - Done: screenshot_01_thumb.jpg
2025-12-20 22:13:01,006 - INFO - Done: screenshot_02.png
2025-12-20 22:13:01,040 - INFO - Done: screenshot_02_thumb.jpg
2025-12-20 22:13:01,417 - INFO - Done: screenshot_03.png
2025-12-20 22:13:01,485 - INFO - Done: screenshot_03_thumb.jpg
2025-12-20 22:13:01,569 - INFO - Done: screenshot_04.png
2025-12-20 22:13:01,629 - INFO - Done: screenshot_04_thumb.jpg
2025-12-20 22:13:02,131 - INFO - Done: screenshot_05.png
2025-12-20 22:13:02,600 - INFO - Done: Mini_ColecoVision_2410075.zip
2025-12-20 22:13:02,684 - INFO - Done: 00preview_thumb.jpg
2025-12-20 22:13:02,760 - INFO - Done: 00preview.png
2025-12-20 22:13:03,106 - INFO - Done: __ia_thumb.jpg
2025-12-20 22:13:03,216 - INFO - Done: screenshot_05_thumb.jpg
2025-12-20 22:13:03,377 - INFO - Done: screenshot_06.png
2025-12-20 22:13:03,502 - INFO - Done: thingiverse-2410075_meta.sqlite
2025-12-20 22:13:03,712 - INFO - Done: screenshot_06_thumb.jpg
2025-12-20 22:13:03,856 - INFO - Done: screenshot_07.png
2025-12-20 22:13:03,949 - INFO - Done: screenshot_07_thumb.jpg
2025-12-20 22:13:04,109 - INFO - Done: screenshot_08.png
2025-12-20 22:13:04,286 - INFO - Done: screenshot_08_thumb.jpg
2025-12-20 22:13:04,396 - INFO - Done: screenshot_09.png
2025-12-20 22:13:04,472 - INFO - Done: screenshot_09_thumb.jpg
2025-12-20 22:13:04,684 - INFO - Done: screenshot_10.png
2025-12-20 22:13:04,878 - INFO - Done: screenshot_10_thumb.jpg
2025-12-20 22:13:04,962 - INFO - Done: screenshot_11.png
2025-12-20 22:13:05,063 - INFO - Done: screenshot_11_thumb.jpg
2025-12-20 22:13:05,208 - INFO - Done: screenshot_13.png
2025-12-20 22:13:05,326 - INFO - Done: screenshot_12.png
2025-12-20 22:13:05,419 - INFO - Done: screenshot_12_thumb.jpg
2025-12-20 22:13:05,621 - INFO - Done: screenshot_13_thumb.jpg
2025-12-20 22:13:05,764 - INFO - Done: screenshot_14.png
2025-12-20 22:13:05,892 - INFO - Done: screenshot_15_thumb.jpg
2025-12-20 22:13:05,985 - INFO - Done: screenshot_14_thumb.jpg
2025-12-20 22:13:06,061 - INFO - Done: screenshot_15.png
2025-12-20 22:13:06,346 - INFO - Done: screenshot_16.png
2025-12-20 22:13:06,489 - INFO - Done: screenshot_16_thumb.jpg
2025-12-20 22:13:06,582 - INFO - Done: screenshot_17.png
2025-12-20 22:13:06,667 - INFO - Done: screenshot_17_thumb.jpg
2025-12-20 22:13:06,702 - INFO - Done: screenshot_18_thumb.jpg
2025-12-20 22:13:06,777 - INFO - Done: screenshot_18.png
2025-12-20 22:13:07,779 - INFO - Done: 00_coverscreenshot.png
2025-12-20 22:13:07,912 - INFO - Done: Borg_Cannonball_Human_Cannonball_Hack_2004_James_Francis_meta.sqlite
2025-12-20 22:13:08,013 - INFO - Done: Borg_Cannonball_Human_Cannonball_Hack_2004_James_Francis.bin
2025-12-20 22:13:08,114 - INFO - Done: 00_coverscreenshot_thumb.jpg
2025-12-20 22:13:08,307 - INFO - Done: Borg_Cannonball_Human_Cannonball_Hack_2004_James_Francis_screenshot.gif
2025-12-20 22:13:08,417 - INFO - Done: __ia_thumb.jpg
2025-12-20 22:13:08,545 - INFO - Done: screenshot_00.png
2025-12-20 22:13:08,739 - INFO - Done: screenshot_00_thumb.jpg
2025-12-20 22:13:08,789 - INFO - Done: screenshot_01.png
2025-12-20 22:13:08,975 - INFO - Done: screenshot_01_thumb.jpg
2025-12-20 22:13:09,326 - INFO - Done: 00_coverscreenshot_thumb.jpg
2025-12-20 22:13:09,387 - INFO - Done: Bobby_Is_Going_Home_Rentacom.bin
2025-12-20 22:13:09,480 - INFO - Done: 00_coverscreenshot.png
2025-12-20 22:13:09,673 - INFO - Done: Bobby_Is_Going_Home_Rentacom_meta.sqlite
2025-12-20 22:13:09,908 - INFO - Done: __ia_thumb.jpg
2025-12-20 22:13:10,051 - INFO - Done: screenshot_00.png
2025-12-20 22:13:10,145 - INFO - Done: Bobby_Is_Going_Home_Rentacom_screenshot.gif
2025-12-20 22:13:10,238 - INFO - Done: screenshot_00_thumb.jpg
2025-12-20 22:13:10,516 - INFO - Done: screenshot_01.png
2025-12-20 22:13:10,575 - INFO - Done: screenshot_01_thumb.jpg
2025-12-20 22:13:10,643 - INFO - Done: screenshot_02.png
2025-12-20 22:13:10,736 - INFO - Done: screenshot_02_thumb.jpg
2025-12-20 22:13:10,830 - INFO - Done: screenshot_03_thumb.jpg
2025-12-20 22:13:11,107 - INFO - Done: screenshot_03.png
2025-12-20 22:13:11,192 - INFO - Done: screenshot_04.png
2025-12-20 22:13:11,293 - INFO - Done: screenshot_04_thumb.jpg
2025-12-20 22:13:11,378 - INFO - Done: screenshot_05.png
2025-12-20 22:13:11,715 - INFO - Done: screenshot_06.png
2025-12-20 22:13:11,816 - INFO - Done: screenshot_06_thumb.jpg
2025-12-20 22:13:11,900 - INFO - Done: screenshot_05_thumb.jpg
2025-12-20 22:13:11,967 - INFO - Done: screenshot_07.png
2025-12-20 22:13:12,194 - INFO - Done: screenshot_07_thumb.jpg
2025-12-20 22:13:12,380 - INFO - Done: screenshot_08_thumb.jpg
2025-12-20 22:13:12,498 - INFO - Done: screenshot_08.png
2025-12-20 22:13:12,641 - INFO - Done: screenshot_09.png
2025-12-20 22:13:12,785 - INFO - Done: screenshot_09_thumb.jpg
2025-12-20 22:13:12,860 - INFO - Done: screenshot_10.png
2025-12-20 22:13:13,052 - INFO - Done: screenshot_10_thumb.jpg
2025-12-20 22:13:13,504 - INFO - Done: thingiverse-1565877_meta.sqlite
2025-12-20 22:13:13,588 - INFO - Done: Battery_box_3x_18650_1565877.zip
2025-12-20 22:13:13,950 - INFO - Done: 00_coverscreenshot_thumb.jpg
2025-12-20 22:13:14,243 - INFO - Done: 00_coverscreenshot.png
2025-12-20 22:13:14,394 - INFO - Done: Game_Poems_Sunday_Coffee_1K_2008_Ian_Bogost.bin
2025-12-20 22:13:14,471 - INFO - Done: Game_Poems_Sunday_Coffee_1K_2008_Ian_Bogost_meta.sqlite
2025-12-20 22:13:14,546 - INFO - Done: Game_Poems_Sunday_Coffee_1K_2008_Ian_Bogost_screenshot.gif
2025-12-20 22:13:14,748 - INFO - Done: __ia_thumb.jpg
2025-12-20 22:13:14,935 - INFO - Done: screenshot_00.png
2025-12-20 22:13:15,019 - INFO - Done: screenshot_00_thumb.jpg
2025-12-20 22:13:15,111 - INFO - Done: screenshot_01.png
2025-12-20 22:13:15,263 - INFO - Done: screenshot_01_thumb.jpg
2025-12-20 22:13:16,175 - INFO - Done: 00_coverscreenshot.png
2025-12-20 22:13:16,427 - INFO - Done: Game_Poems_Stately_Hippo_1K_2008_Ian_Bogost.bin
2025-12-20 22:13:16,495 - INFO - Done: Game_Poems_Stately_Hippo_1K_2008_Ian_Bogost_meta.sqlite
2025-12-20 22:13:16,579 - INFO - Done: 00_coverscreenshot_thumb.jpg
2025-12-20 22:13:16,822 - INFO - Done: Game_Poems_Stately_Hippo_1K_2008_Ian_Bogost_screenshot.gif
2025-12-20 22:13:17,008 - INFO - Done: __ia_thumb.jpg
2025-12-20 22:13:17,051 - INFO - Done: screenshot_00.png
2025-12-20 22:13:17,152 - INFO - Done: screenshot_00_thumb.jpg
2025-12-20 22:13:17,396 - INFO - Done: screenshot_01.png
2025-12-20 22:13:17,581 - INFO - Done: screenshot_01_thumb.jpg
2025-12-20 22:13:17,656 - INFO - Done: screenshot_02.png
2025-12-20 22:13:17,816 - INFO - Done: screenshot_02_thumb.jpg
2025-12-20 22:13:17,961 - INFO - Done: screenshot_03.png
2025-12-20 22:13:18,163 - INFO - Done: screenshot_03_thumb.jpg
2025-12-20 22:13:18,239 - INFO - Done: screenshot_04.png
2025-12-20 22:13:18,348 - INFO - Done: screenshot_04_thumb.jpg
2025-12-20 22:13:18,501 - INFO - Done: screenshot_05.png
2025-12-20 22:13:18,803 - INFO - Done: screenshot_06.png
2025-12-20 22:13:18,848 - INFO - FAILED: screenshot_05_thumb.jpg
2025-12-20 22:13:18,888 - INFO - Done: screenshot_06_thumb.jpg
2025-12-20 22:13:19,090 - INFO - Done: screenshot_07.png
2025-12-20 22:13:19,358 - INFO - Done: screenshot_07_thumb.jpg
2025-12-20 22:13:19,443 - INFO - Done: screenshot_08.png
2025-12-20 22:13:19,647 - INFO - Done: screenshot_08_thumb.jpg
2025-12-20 22:13:19,739 - INFO - Done: screenshot_09.png
2025-12-20 22:13:19,941 - INFO - Done: screenshot_09_thumb.jpg
2025-12-20 22:13:20,017 - INFO - Done: screenshot_10.png
2025-12-20 22:13:20,203 - INFO - Done: screenshot_10_thumb.jpg
2025-12-20 22:13:20,289 - INFO - Done: screenshot_12.png
2025-12-20 22:13:20,390 - INFO - Done: screenshot_11.png
2025-12-20 22:13:20,491 - INFO - Done: screenshot_11_thumb.jpg
2025-12-20 22:13:20,910 - INFO - Done: screenshot_12_thumb.jpg
2025-12-20 22:13:21,145 - INFO - Done: 00_coverscreenshot.png
2025-12-20 22:13:21,188 - INFO - Done: 00_coverscreenshot_thumb.jpg
2025-12-20 22:13:21,349 - INFO - Done: Greeting_Cart_VGA_2003_Andrew_Davie.bin
2025-12-20 22:13:21,735 - INFO - Done: Greeting_Cart_VGA_2003_Andrew_Davie_meta.sqlite
2025-12-20 22:13:21,802 - INFO - Done: __ia_thumb.jpg
2025-12-20 22:13:21,963 - INFO - Done: screenshot_00.png
2025-12-20 22:13:22,048 - INFO - Done: Greeting_Cart_VGA_2003_Andrew_Davie_screenshot.gif
2025-12-20 22:13:22,242 - INFO - Done: screenshot_00_thumb.jpg
2025-12-20 22:13:22,335 - INFO - Done: screenshot_01.png
2025-12-20 22:13:22,562 - INFO - Done: screenshot_01_thumb.jpg
2025-12-20 22:13:22,655 - INFO - Done: screenshot_02.png
2025-12-20 22:13:22,859 - INFO - Done: screenshot_03_thumb.jpg
2025-12-20 22:13:22,909 - INFO - Done: screenshot_02_thumb.jpg
2025-12-20 22:13:23,001 - INFO - Done: screenshot_03.png
2025-12-20 22:13:23,228 - INFO - Done: screenshot_04.png
2025-12-20 22:13:23,363 - INFO - Done: screenshot_04_thumb.jpg
2025-12-20 22:17:54,838 - INFO - Guest Mode
2025-12-20 22:17:57,560 - INFO - Done: Biplane_Air_Raiders_Air_Raiders_Hack_2005_James_Catalano.bin
2025-12-20 22:17:57,635 - INFO - Done: 00_coverscreenshot.png
2025-12-20 22:17:57,703 - INFO - Done: 00_coverscreenshot_thumb.jpg
2025-12-20 22:17:57,787 - INFO - Done: Digger_Mr._Do_Hack_2004_Csonicgo_WIP.bin
2025-12-20 22:17:57,859 - INFO - ID not found: "identifier"
2025-12-20 22:17:57,897 - INFO - Done: Digger_Mr._Do_Hack_2004_Csonicgo_WIP_screenshot.gif
2025-12-20 22:17:57,981 - INFO - Done: Digger_Mr._Do_Hack_2004_Csonicgo_WIP_meta.sqlite
2025-12-20 22:17:58,098 - INFO - Done: __ia_thumb.jpg
2025-12-20 22:17:58,224 - INFO - Done: 00_coverscreenshot.png
2025-12-20 22:17:58,250 - INFO - Done: Biplane_Air_Raiders_Air_Raiders_Hack_2005_James_Catalano_meta.sqlite
2025-12-20 22:17:58,342 - INFO - Done: 00_coverscreenshot_thumb.jpg
2025-12-20 22:17:58,435 - INFO - Done: __ia_thumb.jpg
2025-12-20 22:17:58,497 - INFO - Discovery Complete.
2025-12-20 22:17:58,511 - INFO - Done: Biplane_Air_Raiders_Air_Raiders_Hack_2005_James_Catalano_screenshot.gif
2025-12-20 22:17:58,596 - INFO - Done: screenshot_00.png
2025-12-20 22:17:58,698 - INFO - Done: screenshot_00.png
2025-12-20 22:17:58,774 - INFO - Done: screenshot_00_thumb.jpg
2025-12-20 22:17:58,799 - INFO - Done: screenshot_01.png
2025-12-20 22:17:58,883 - INFO - Done: screenshot_00_thumb.jpg
2025-12-20 22:17:58,959 - INFO - Done: screenshot_02.png
2025-12-20 22:17:59,052 - INFO - Done: screenshot_01_thumb.jpg
2025-12-20 22:17:59,137 - INFO - Done: screenshot_01.png
2025-12-20 22:17:59,221 - INFO - Done: screenshot_01_thumb.jpg
2025-12-20 22:17:59,298 - INFO - Done: screenshot_03.png
2025-12-20 22:17:59,383 - INFO - Done: screenshot_02.png
2025-12-20 22:17:59,484 - INFO - Done: screenshot_02_thumb.jpg
2025-12-20 22:17:59,526 - INFO - Done: screenshot_03.png
2025-12-20 22:17:59,610 - INFO - Done: screenshot_03_thumb.jpg
2025-12-20 22:17:59,678 - INFO - Done: screenshot_04.png
2025-12-20 22:17:59,720 - INFO - Done: screenshot_03_thumb.jpg
2025-12-20 22:17:59,822 - INFO - Done: screenshot_02_thumb.jpg
2025-12-20 22:17:59,897 - INFO - Done: screenshot_04_thumb.jpg
2025-12-20 22:18:00,026 - INFO - Done: screenshot_04.png
2025-12-20 22:18:00,093 - INFO - Done: screenshot_04_thumb.jpg
2025-12-20 22:18:00,211 - INFO - Done: screenshot_05.png
2025-12-20 22:18:00,262 - INFO - Done: screenshot_05_thumb.jpg
2025-12-20 22:18:00,338 - INFO - Done: screenshot_06.png
2025-12-20 22:18:00,414 - INFO - Done: screenshot_05_thumb.jpg
2025-12-20 22:18:00,490 - INFO - Done: screenshot_05.png
2025-12-20 22:18:00,584 - INFO - Done: screenshot_06.png
2025-12-20 22:18:00,643 - INFO - Done: screenshot_06_thumb.jpg
2025-12-20 22:18:00,694 - INFO - Done: screenshot_06_thumb.jpg
2025-12-20 22:18:00,786 - INFO - Done: screenshot_07.png
2025-12-20 22:18:00,896 - INFO - Done: screenshot_07.png
2025-12-20 22:18:00,972 - INFO - Done: screenshot_07_thumb.jpg
2025-12-20 22:18:01,073 - INFO - Done: screenshot_07_thumb.jpg
2025-12-20 22:18:01,166 - INFO - Done: screenshot_08.png
2025-12-20 22:18:01,260 - INFO - Done: screenshot_08.png
2025-12-20 22:18:01,344 - INFO - Done: screenshot_08_thumb.jpg
2025-12-20 22:18:01,429 - INFO - Done: screenshot_09.png
2025-12-20 22:18:01,505 - INFO - Done: screenshot_09_thumb.jpg
2025-12-20 22:18:01,581 - INFO - Done: kaidogames.-atari-2600_meta.sqlite
2025-12-20 22:18:01,657 - INFO - Done: screenshot_10_thumb.jpg
2025-12-20 22:18:01,733 - INFO - Done: screenshot_11.png
2025-12-20 22:18:01,819 - INFO - Done: screenshot_11_thumb.jpg
2025-12-20 22:18:01,912 - INFO - Done: screenshot_08_thumb.jpg
2025-12-20 22:18:01,954 - INFO - Done: screenshot_09.png
2025-12-20 22:18:02,030 - INFO - Done: screenshot_09_thumb.jpg
2025-12-20 22:18:02,106 - INFO - Done: screenshot_10.png
2025-12-20 22:18:02,241 - INFO - Done: screenshot_12.png
2025-12-20 22:18:02,343 - INFO - Done: screenshot_10_thumb.jpg
2025-12-20 22:18:02,640 - INFO - Done: screenshot_11.png
2025-12-20 22:18:02,691 - INFO - Done: screenshot_12.png
2025-12-20 22:18:02,783 - INFO - Done: screenshot_10.png
2025-12-20 22:18:02,876 - INFO - Done: screenshot_13.png
2025-12-20 22:18:02,909 - INFO - Done: screenshot_13_thumb.jpg
2025-12-20 22:18:02,960 - INFO - Done: screenshot_12_thumb.jpg
2025-12-20 22:18:03,121 - INFO - Done: screenshot_11_thumb.jpg
2025-12-20 22:18:03,214 - INFO - Done: screenshot_12_thumb.jpg
2025-12-20 22:18:03,239 - INFO - Done: 00_coverscreenshot_thumb.jpg
2025-12-20 22:18:03,558 - INFO - Done: 00_coverscreenshot.png
2025-12-20 22:18:03,651 - INFO - Done: Borg_Cannonball_Human_Cannonball_Hack_2004_James_Francis.bin
2025-12-20 22:18:03,752 - INFO - Done: __ia_thumb.jpg
2025-12-20 22:18:03,794 - INFO - Done: Borg_Cannonball_Human_Cannonball_Hack_2004_James_Francis_screenshot.gif
2025-12-20 22:18:03,963 - INFO - Done: screenshot_00.png
2025-12-20 22:18:04,242 - INFO - Done: screenshot_01.png
2025-12-20 22:18:04,314 - INFO - Done: screenshot_01_thumb.jpg
2025-12-20 22:18:04,398 - INFO - Done: screenshot_00_thumb.jpg
2025-12-20 22:18:04,666 - INFO - Done: youtube-Iku_iWsP_h4.thumbs/Iku_iWsP_h4_000001.jpg
2025-12-20 22:18:04,809 - INFO - Done: youtube-Iku_iWsP_h4.thumbs/Iku_iWsP_h4_000016.jpg
2025-12-20 22:18:04,851 - INFO - Done: Iku_iWsP_h4.description
2025-12-20 22:18:04,944 - INFO - Done: youtube-Iku_iWsP_h4.thumbs/Iku_iWsP_h4_000021.jpg
2025-12-20 22:18:05,047 - INFO - Done: Iku_iWsP_h4.webp
2025-12-20 22:18:05,123 - INFO - Done: __ia_thumb.jpg
2025-12-20 22:18:05,216 - INFO - Done: Iku_iWsP_h4.info.json
2025-12-20 22:18:05,309 - INFO - Done: youtube-Iku_iWsP_h4.thumbs/Iku_iWsP_h4_000032.jpg
2025-12-20 22:18:05,411 - INFO - Done: youtube-Iku_iWsP_h4.thumbs/Iku_iWsP_h4_000026.jpg
2025-12-20 22:18:05,503 - INFO - Done: youtube-Iku_iWsP_h4.thumbs/Iku_iWsP_h4_000048.jpg
2025-12-20 22:18:05,587 - INFO - Done: youtube-Iku_iWsP_h4.thumbs/Iku_iWsP_h4_000042.jpg
2025-12-20 22:18:05,637 - INFO - Done: youtube-Iku_iWsP_h4.thumbs/Iku_iWsP_h4_000037.jpg
2025-12-20 22:18:05,849 - INFO - Done: youtube-Iku_iWsP_h4_meta.sqlite
2025-12-20 22:18:06,059 - INFO - Done: Iku_iWsP_h4.mp4
2025-12-20 22:18:06,345 - INFO - Done: __ia_thumb.jpg
2025-12-20 22:18:06,421 - INFO - Done: thingiverse-2410075_meta.sqlite
2025-12-20 22:18:06,532 - INFO - Done: 00preview_thumb.jpg
2025-12-20 22:18:06,557 - INFO - Done: Mini_ColecoVision_2410075.zip
2025-12-20 22:18:06,608 - INFO - Done: 00preview.png
2025-12-20 22:18:06,709 - INFO - Done: Battery_box_3x_18650_1565877.zip
2025-12-20 22:18:06,816 - INFO - Done: thingiverse-1565877_meta.sqlite
2025-12-20 22:18:06,894 - INFO - Done: Iku_iWsP_h4.webm
2025-12-20 22:18:07,399 - INFO - Done: 00_coverscreenshot.png
2025-12-20 22:18:07,492 - INFO - Done: __ia_thumb.jpg
2025-12-20 22:18:07,517 - INFO - Done: Console_Wars_Space_Jockey_Hack_2000_Greg_Thompson.bin
2025-12-20 22:18:07,601 - INFO - Done: Console_Wars_Space_Jockey_Hack_2000_Greg_Thompson_screenshot.gif
2025-12-20 22:18:07,627 - INFO - Done: 00_coverscreenshot_thumb.jpg
2025-12-20 22:18:07,869 - INFO - Done: screenshot_00_thumb.jpg
2025-12-20 22:18:08,004 - INFO - Done: screenshot_00.png
2025-12-20 22:18:08,037 - INFO - Done: screenshot_01_thumb.jpg
2025-12-20 22:18:08,121 - INFO - Done: screenshot_01.png
2025-12-20 22:18:08,189 - INFO - Done: screenshot_02_thumb.jpg
2025-12-20 22:18:08,292 - INFO - Done: screenshot_03.png
2025-12-20 22:18:08,418 - INFO - Done: Console_Wars_Space_Jockey_Hack_2000_Greg_Thompson_meta.sqlite
2025-12-20 22:18:08,502 - INFO - Done: screenshot_03_thumb.jpg
2025-12-20 22:18:08,578 - INFO - Done: screenshot_04_thumb.jpg
2025-12-20 22:18:08,663 - INFO - Done: screenshot_04.png
2025-12-20 22:18:08,747 - INFO - Done: screenshot_02.png
2025-12-20 22:18:08,822 - INFO - Done: screenshot_05.png
2025-12-20 22:18:08,856 - INFO - Done: screenshot_06.png
2025-12-20 22:18:08,915 - INFO - Done: screenshot_05_thumb.jpg
2025-12-20 22:18:08,992 - INFO - Done: screenshot_06_thumb.jpg
2025-12-20 22:18:09,068 - INFO - Done: screenshot_07.png
2025-12-20 22:18:09,169 - INFO - Done: screenshot_07_thumb.jpg
2025-12-20 22:18:09,271 - INFO - Done: screenshot_08.png
2025-12-20 22:18:09,346 - INFO - Done: screenshot_08_thumb.jpg
2025-12-20 22:18:09,422 - INFO - Done: screenshot_09.png
2025-12-20 22:18:09,473 - INFO - Done: screenshot_09_thumb.jpg
2025-12-20 22:18:09,515 - INFO - Done: screenshot_10_thumb.jpg
2025-12-20 22:18:09,583 - INFO - Done: screenshot_10.png
2025-12-20 22:18:09,660 - INFO - Done: screenshot_11.png
2025-12-20 22:18:09,761 - INFO - Done: screenshot_11_thumb.jpg
2025-12-20 22:18:09,836 - INFO - Done: screenshot_12.png
2025-12-20 22:18:10,097 - INFO - Done: screenshot_12_thumb.jpg
2025-12-20 22:18:10,291 - INFO - Done: screenshot_13.png
2025-12-20 22:18:10,333 - INFO - Done: Blob_The_Halloween_Hack_2002_Cody_Pittman.bin
2025-12-20 22:18:10,410 - INFO - Done: screenshot_13_thumb.jpg
2025-12-20 22:18:10,486 - INFO - Done: 00_coverscreenshot_thumb.jpg
2025-12-20 22:18:10,537 - INFO - Done: screenshot_14.png
2025-12-20 22:18:10,621 - INFO - Done: Blob_The_Halloween_Hack_2002_Cody_Pittman_meta.sqlite
2025-12-20 22:18:10,714 - INFO - Done: screenshot_14_thumb.jpg
2025-12-20 22:18:10,798 - INFO - Done: 00_coverscreenshot.png
2025-12-20 22:18:10,891 - INFO - Done: screenshot_15.png
2025-12-20 22:18:10,950 - INFO - Done: screenshot_16.png
2025-12-20 22:18:11,034 - INFO - Done: screenshot_15_thumb.jpg
2025-12-20 22:18:11,103 - INFO - Done: screenshot_17.png
2025-12-20 22:18:11,196 - INFO - Done: screenshot_17_thumb.jpg
2025-12-20 22:18:11,289 - INFO - Done: screenshot_16_thumb.jpg
2025-12-20 22:18:11,382 - INFO - Done: Blob_The_Halloween_Hack_2002_Cody_Pittman_screenshot.gif
2025-12-20 22:18:11,466 - INFO - Done: __ia_thumb.jpg
2025-12-20 22:18:11,500 - INFO - Done: screenshot_00.png
2025-12-20 22:18:11,584 - INFO - Done: screenshot_00_thumb.jpg
2025-12-20 22:18:11,828 - INFO - Done: screenshot_01.png
2025-12-20 22:18:11,913 - INFO - Done: screenshot_02_thumb.jpg
2025-12-20 22:18:12,006 - INFO - Done: screenshot_18.png
2025-12-20 22:18:12,090 - INFO - Done: screenshot_18_thumb.jpg
2025-12-20 22:18:12,200 - INFO - Done: screenshot_02.png
2025-12-20 22:18:12,292 - INFO - Done: 00_coverscreenshot.png
2025-12-20 22:18:12,386 - INFO - Done: Bobby_Is_Going_Home_Rentacom.bin
2025-12-20 22:18:12,461 - INFO - Done: 00_coverscreenshot_thumb.jpg
2025-12-20 22:18:12,623 - INFO - Done: screenshot_01_thumb.jpg
2025-12-20 22:18:12,707 - INFO - Done: Bobby_Is_Going_Home_Rentacom_meta.sqlite
2025-12-20 22:18:12,783 - INFO - Done: __ia_thumb.jpg
2025-12-20 22:18:12,841 - INFO - Done: Bobby_Is_Going_Home_Rentacom_screenshot.gif
2025-12-20 22:18:12,926 - INFO - Done: screenshot_00_thumb.jpg
2025-12-20 22:18:13,010 - INFO - Done: screenshot_00.png
2025-12-20 22:18:13,120 - INFO - Done: screenshot_01_thumb.jpg
2025-12-20 22:18:13,197 - INFO - Done: screenshot_02.png
2025-12-20 22:18:13,247 - INFO - Done: screenshot_02_thumb.jpg
2025-12-20 22:18:13,349 - INFO - Done: screenshot_03.png
2025-12-20 22:18:13,433 - INFO - Done: screenshot_03_thumb.jpg
2025-12-20 22:18:13,534 - INFO - Done: screenshot_04.png
2025-12-20 22:18:13,593 - INFO - Done: screenshot_04_thumb.jpg
2025-12-20 22:18:13,652 - INFO - Done: screenshot_05.png
2025-12-20 22:18:13,737 - INFO - Done: screenshot_05_thumb.jpg
2025-12-20 22:18:13,830 - INFO - Done: screenshot_06.png
2025-12-20 22:18:13,856 - INFO - Done: screenshot_06_thumb.jpg
2025-12-20 22:18:13,959 - INFO - Done: screenshot_07.png
2025-12-20 22:18:14,041 - INFO - Done: screenshot_01.png
2025-12-20 22:18:14,126 - INFO - Done: screenshot_07_thumb.jpg
2025-12-20 22:18:14,210 - INFO - Done: screenshot_08_thumb.jpg
2025-12-20 22:18:14,244 - INFO - Done: screenshot_08.png
2025-12-20 22:18:14,286 - INFO - Done: screenshot_09.png
2025-12-20 22:18:14,404 - INFO - Done: screenshot_10.png
2025-12-20 22:18:14,480 - INFO - Done: screenshot_09_thumb.jpg
2025-12-20 22:18:14,599 - INFO - Done: screenshot_10_thumb.jpg
2025-12-20 22:18:14,700 - INFO - Done: 00_coverscreenshot.png
2025-12-20 22:18:14,784 - INFO - Done: 00_coverscreenshot_thumb.jpg
2025-12-20 22:18:14,869 - INFO - Done: Greeting_Cart_VGA_2003_Andrew_Davie.bin
2025-12-20 22:18:14,953 - INFO - Done: Greeting_Cart_VGA_2003_Andrew_Davie_meta.sqlite
2025-12-20 22:18:15,054 - INFO - Done: __ia_thumb.jpg
2025-12-20 22:18:15,130 - INFO - Done: screenshot_00.png
2025-12-20 22:18:15,223 - INFO - Done: screenshot_00_thumb.jpg
2025-12-20 22:18:15,334 - INFO - Done: Greeting_Cart_VGA_2003_Andrew_Davie_screenshot.gif
2025-12-20 22:18:15,460 - INFO - Done: screenshot_01.png
2025-12-20 22:18:15,536 - INFO - Done: screenshot_02.png
2025-12-20 22:18:15,604 - INFO - Done: screenshot_03.png
2025-12-20 22:18:15,654 - INFO - Done: screenshot_01_thumb.jpg
2025-12-20 22:18:15,713 - INFO - Done: screenshot_03_thumb.jpg
2025-12-20 22:18:15,823 - INFO - Done: screenshot_04.png
2025-12-20 22:18:15,898 - INFO - Done: screenshot_02_thumb.jpg
2025-12-20 22:18:16,002 - INFO - Done: screenshot_04_thumb.jpg
2025-12-20 22:18:16,229 - INFO - Done: Game_Poems_Stately_Hippo_1K_2008_Ian_Bogost.bin
2025-12-20 22:18:16,289 - INFO - Done: 00_coverscreenshot_thumb.jpg
2025-12-20 22:18:16,390 - INFO - Done: 00_coverscreenshot.png
2025-12-20 22:18:16,491 - INFO - Done: Game_Poems_Stately_Hippo_1K_2008_Ian_Bogost_meta.sqlite
2025-12-20 22:18:16,592 - INFO - Done: __ia_thumb.jpg
2025-12-20 22:18:16,694 - INFO - Done: Game_Poems_Stately_Hippo_1K_2008_Ian_Bogost_screenshot.gif
2025-12-20 22:18:16,779 - INFO - Done: screenshot_00_thumb.jpg
2025-12-20 22:18:16,804 - INFO - Done: screenshot_01_thumb.jpg
2025-12-20 22:18:16,888 - INFO - Done: screenshot_01.png
2025-12-20 22:18:16,981 - INFO - Done: screenshot_02.png
2025-12-20 22:18:17,074 - INFO - Done: screenshot_02_thumb.jpg
2025-12-20 22:18:17,175 - INFO - Done: screenshot_03.png
2025-12-20 22:18:17,293 - INFO - Done: screenshot_03_thumb.jpg
2025-12-20 22:18:17,378 - INFO - Done: screenshot_04.png
2025-12-20 22:18:17,454 - INFO - Done: screenshot_05.png
2025-12-20 22:18:17,547 - INFO - Done: screenshot_04_thumb.jpg
2025-12-20 22:18:17,631 - INFO - Done: screenshot_06.png
2025-12-20 22:18:17,733 - INFO - Done: screenshot_05_thumb.jpg
2025-12-20 22:18:17,834 - INFO - Done: screenshot_06_thumb.jpg
2025-12-20 22:18:17,918 - INFO - Done: screenshot_07.png
2025-12-20 22:18:18,079 - INFO - Done: screenshot_07_thumb.jpg
2025-12-20 22:18:18,155 - INFO - Done: screenshot_08_thumb.jpg
2025-12-20 22:18:18,189 - INFO - Done: screenshot_09.png
2025-12-20 22:18:18,282 - INFO - Done: screenshot_00.png
2025-12-20 22:18:18,383 - INFO - Done: screenshot_09_thumb.jpg
2025-12-20 22:18:18,408 - INFO - Done: screenshot_10_thumb.jpg
2025-12-20 22:18:18,509 - INFO - Done: screenshot_10.png
2025-12-20 22:18:18,593 - INFO - Done: screenshot_12_thumb.jpg
2025-12-20 22:18:18,619 - INFO - Done: screenshot_11.png
2025-12-20 22:18:18,694 - INFO - Done: screenshot_08.png
2025-12-20 22:18:18,965 - INFO - Done: 00_coverscreenshot_thumb.jpg
2025-12-20 22:18:18,991 - INFO - Done: screenshot_11_thumb.jpg
2025-12-20 22:18:19,075 - INFO - Done: screenshot_12.png
2025-12-20 22:18:19,452 - INFO - Done: __ia_thumb.jpg
2025-12-20 22:18:19,537 - INFO - Done: 00_coverscreenshot.png
2025-12-20 22:18:19,622 - INFO - Done: Game_Poems_Sunday_Coffee_1K_2008_Ian_Bogost_screenshot.gif
2025-12-20 22:18:19,706 - INFO - Done: Game_Poems_Sunday_Coffee_1K_2008_Ian_Bogost.bin
2025-12-20 22:18:19,782 - INFO - Done: screenshot_00_thumb.jpg
2025-12-20 22:18:19,883 - INFO - Done: screenshot_00.png
2025-12-20 22:18:19,926 - INFO - Done: screenshot_01.png
2025-12-20 22:18:20,018 - INFO - Done: screenshot_01_thumb.jpg
2025-12-20 22:18:20,119 - INFO - Done: Game_Poems_Sunday_Coffee_1K_2008_Ian_Bogost_meta.sqlite
2025-12-20 22:18:20,203 - INFO - Done: Borg_Cannonball_Human_Cannonball_Hack_2004_James_Francis_meta.sqlite
2025-12-20 22:30:32,691 - INFO - Guest Mode
2025-12-20 22:30:34,580 - INFO - Done: Borg_Cannonball_Human_Cannonball_Hack_2004_James_Francis_screenshot.gif
2025-12-20 22:30:34,622 - INFO - Done: kaidogames.-atari-2600_meta.sqlite
2025-12-20 22:30:34,782 - INFO - Done: 00_coverscreenshot_thumb.jpg
2025-12-20 22:30:34,824 - INFO - Done: 00_coverscreenshot.png
2025-12-20 22:30:34,883 - INFO - Done: Borg_Cannonball_Human_Cannonball_Hack_2004_James_Francis.bin
2025-12-20 22:30:34,933 - INFO - Done: Borg_Cannonball_Human_Cannonball_Hack_2004_James_Francis_meta.sqlite
2025-12-20 22:30:35,162 - INFO - Done: __ia_thumb.jpg
2025-12-20 22:30:35,297 - INFO - Done: 00preview_thumb.jpg
2025-12-20 22:30:35,348 - INFO - Done: screenshot_00.png
2025-12-20 22:30:35,669 - INFO - ID not found: "identifier"
2025-12-20 22:30:35,754 - INFO - Done: __ia_thumb.jpg
2025-12-20 22:30:35,872 - INFO - Done: screenshot_00_thumb.jpg
2025-12-20 22:30:35,906 - INFO - Done: screenshot_01.png
2025-12-20 22:30:35,940 - INFO - Done: 00preview.png
2025-12-20 22:30:36,024 - INFO - Done: thingiverse-2410075_meta.sqlite
2025-12-20 22:30:36,174 - INFO - Done: Mini_ColecoVision_2410075.zip
2025-12-20 22:30:36,260 - INFO - Discovery Complete.
2025-12-20 22:30:36,500 - INFO - Done: screenshot_01_thumb.jpg
2025-12-20 22:30:36,860 - INFO - Done: Biplane_Air_Raiders_Air_Raiders_Hack_2005_James_Catalano.bin
2025-12-20 22:30:36,902 - INFO - Done: 00_coverscreenshot.png
2025-12-20 22:30:36,994 - INFO - Done: 00_coverscreenshot_thumb.jpg
2025-12-20 22:30:37,070 - INFO - Done: 00_coverscreenshot.png
2025-12-20 22:30:37,214 - INFO - Done: 00_coverscreenshot_thumb.jpg
2025-12-20 22:30:37,248 - INFO - Done: Blob_The_Halloween_Hack_2002_Cody_Pittman.bin
2025-12-20 22:30:37,483 - INFO - Done: Blob_The_Halloween_Hack_2002_Cody_Pittman_meta.sqlite
2025-12-20 22:30:37,568 - INFO - Done: Biplane_Air_Raiders_Air_Raiders_Hack_2005_James_Catalano_meta.sqlite
2025-12-20 22:30:37,669 - INFO - Done: Biplane_Air_Raiders_Air_Raiders_Hack_2005_James_Catalano_screenshot.gif
2025-12-20 22:30:37,831 - INFO - Done: __ia_thumb.jpg
2025-12-20 22:30:37,881 - INFO - Done: __ia_thumb.jpg
2025-12-20 22:30:37,991 - INFO - Done: Blob_The_Halloween_Hack_2002_Cody_Pittman_screenshot.gif
2025-12-20 22:30:38,024 - INFO - Done: screenshot_01.png
2025-12-20 22:30:38,134 - INFO - Done: screenshot_00.png
2025-12-20 22:30:38,235 - INFO - Done: screenshot_00_thumb.jpg
2025-12-20 22:30:38,394 - INFO - Done: screenshot_01_thumb.jpg
2025-12-20 22:30:38,562 - INFO - Done: screenshot_00.png
2025-12-20 22:30:38,605 - INFO - Done: screenshot_02_thumb.jpg
2025-12-20 22:30:38,657 - INFO - Done: screenshot_02.png
2025-12-20 22:30:38,707 - INFO - Done: screenshot_00_thumb.jpg
2025-12-20 22:30:38,741 - INFO - Done: screenshot_01.png
2025-12-20 22:30:39,043 - INFO - Done: screenshot_01_thumb.jpg
2025-12-20 22:30:39,077 - INFO - Done: screenshot_02.png
2025-12-20 22:30:39,161 - INFO - Done: screenshot_02_thumb.jpg
2025-12-20 22:30:39,271 - INFO - Done: screenshot_03.png
2025-12-20 22:30:39,524 - INFO - Done: screenshot_03_thumb.jpg
2025-12-20 22:30:39,600 - INFO - Done: screenshot_04.png
2025-12-20 22:30:39,684 - INFO - Done: screenshot_04_thumb.jpg
2025-12-20 22:30:39,718 - INFO - Done: screenshot_05.png
2025-12-20 22:30:39,785 - INFO - Done: screenshot_05_thumb.jpg
2025-12-20 22:30:39,969 - INFO - Done: screenshot_06.png
2025-12-20 22:30:40,096 - INFO - Done: screenshot_06_thumb.jpg
2025-12-20 22:30:40,121 - INFO - Done: screenshot_07.png
2025-12-20 22:30:40,231 - INFO - Done: screenshot_07_thumb.jpg
2025-12-20 22:30:40,325 - INFO - Done: screenshot_08.png
2025-12-20 22:30:40,426 - INFO - Done: screenshot_08_thumb.jpg
2025-12-20 22:30:40,536 - INFO - Done: screenshot_09.png
2025-12-20 22:30:40,771 - INFO - Done: screenshot_10.png
2025-12-20 22:30:40,881 - INFO - Done: screenshot_09_thumb.jpg
2025-12-20 22:30:40,915 - INFO - Done: screenshot_10_thumb.jpg
2025-12-20 22:30:41,008 - INFO - Done: screenshot_11.png
2025-12-20 22:30:41,093 - INFO - Done: screenshot_11_thumb.jpg
2025-12-20 22:30:41,185 - INFO - Done: screenshot_12.png
2025-12-20 22:30:41,252 - INFO - Done: screenshot_12_thumb.jpg
2025-12-20 22:30:41,446 - INFO - Done: screenshot_13.png
2025-12-20 22:30:41,513 - INFO - Done: screenshot_13_thumb.jpg
2025-12-20 22:30:42,132 - INFO - Done: Iku_iWsP_h4.description
2025-12-20 22:30:42,286 - INFO - Done: __ia_thumb.jpg
2025-12-20 22:30:42,379 - INFO - Done: Iku_iWsP_h4.info.json
2025-12-20 22:30:42,413 - INFO - Done: Iku_iWsP_h4.webp
2025-12-20 22:30:42,513 - INFO - Done: youtube-Iku_iWsP_h4.thumbs/Iku_iWsP_h4_000001.jpg
2025-12-20 22:30:42,999 - INFO - Done: Iku_iWsP_h4.mp4
2025-12-20 22:30:43,194 - INFO - Done: youtube-Iku_iWsP_h4.thumbs/Iku_iWsP_h4_000016.jpg
2025-12-20 22:30:43,228 - INFO - Done: youtube-Iku_iWsP_h4.thumbs/Iku_iWsP_h4_000032.jpg
2025-12-20 22:30:43,329 - INFO - Done: youtube-Iku_iWsP_h4.thumbs/Iku_iWsP_h4_000021.jpg
2025-12-20 22:30:43,363 - INFO - Done: youtube-Iku_iWsP_h4.thumbs/Iku_iWsP_h4_000026.jpg
2025-12-20 22:30:43,472 - INFO - Done: youtube-Iku_iWsP_h4.thumbs/Iku_iWsP_h4_000042.jpg
2025-12-20 22:30:43,523 - INFO - Done: youtube-Iku_iWsP_h4.thumbs/Iku_iWsP_h4_000048.jpg
2025-12-20 22:30:43,556 - INFO - Done: youtube-Iku_iWsP_h4.thumbs/Iku_iWsP_h4_000037.jpg
2025-12-20 22:30:44,016 - INFO - Done: youtube-Iku_iWsP_h4_meta.sqlite
2025-12-20 22:30:44,393 - INFO - Done: 00_coverscreenshot.png
2025-12-20 22:30:44,563 - INFO - Done: 00_coverscreenshot_thumb.jpg
2025-12-20 22:30:44,648 - INFO - Done: Digger_Mr._Do_Hack_2004_Csonicgo_WIP.bin
2025-12-20 22:30:44,698 - INFO - Done: Digger_Mr._Do_Hack_2004_Csonicgo_WIP_meta.sqlite
2025-12-20 22:30:44,799 - INFO - Done: Iku_iWsP_h4.webm
2025-12-20 22:30:44,892 - INFO - Done: __ia_thumb.jpg
2025-12-20 22:30:45,119 - INFO - Done: screenshot_00.png
2025-12-20 22:30:45,205 - INFO - Done: screenshot_00_thumb.jpg
2025-12-20 22:30:45,314 - INFO - Done: screenshot_01.png
2025-12-20 22:30:45,348 - INFO - Done: Digger_Mr._Do_Hack_2004_Csonicgo_WIP_screenshot.gif
2025-12-20 22:30:45,457 - INFO - Done: screenshot_01_thumb.jpg
2025-12-20 22:30:45,826 - INFO - Done: screenshot_02.png
2025-12-20 22:30:45,943 - INFO - Done: screenshot_02_thumb.jpg
2025-12-20 22:30:45,969 - INFO - Done: screenshot_03.png
2025-12-20 22:30:46,044 - INFO - Done: screenshot_03_thumb.jpg
2025-12-20 22:30:46,120 - INFO - Done: screenshot_04.png
2025-12-20 22:30:46,155 - INFO - Done: screenshot_04_thumb.jpg
2025-12-20 22:30:46,357 - INFO - Done: screenshot_05.png
2025-12-20 22:30:46,483 - INFO - Done: screenshot_06.png
2025-12-20 22:30:46,508 - INFO - Done: screenshot_05_thumb.jpg
2025-12-20 22:30:46,618 - INFO - Done: screenshot_06_thumb.jpg
2025-12-20 22:30:46,651 - INFO - Done: screenshot_07.png
2025-12-20 22:30:46,735 - INFO - Done: screenshot_07_thumb.jpg
2025-12-20 22:30:46,895 - INFO - Done: screenshot_08.png
2025-12-20 22:30:46,990 - INFO - Done: screenshot_08_thumb.jpg
2025-12-20 22:30:47,099 - INFO - Done: screenshot_09.png
2025-12-20 22:30:47,133 - INFO - Done: screenshot_09_thumb.jpg
2025-12-20 22:30:47,234 - INFO - Done: screenshot_10.png
2025-12-20 22:30:47,352 - INFO - Done: screenshot_10_thumb.jpg
2025-12-20 22:30:47,444 - INFO - Done: screenshot_11.png
2025-12-20 22:30:47,503 - INFO - Done: screenshot_11_thumb.jpg
2025-12-20 22:30:47,688 - INFO - Done: screenshot_12.png
2025-12-20 22:30:47,790 - INFO - Done: screenshot_12_thumb.jpg
2025-12-20 22:30:48,350 - INFO - Done: 00_coverscreenshot.png
2025-12-20 22:30:48,375 - INFO - Done: Console_Wars_Space_Jockey_Hack_2000_Greg_Thompson_meta.sqlite
2025-12-20 22:30:48,476 - INFO - Done: 00_coverscreenshot_thumb.jpg
2025-12-20 22:30:48,510 - INFO - Done: Console_Wars_Space_Jockey_Hack_2000_Greg_Thompson.bin
2025-12-20 22:30:48,560 - INFO - Done: __ia_thumb.jpg
2025-12-20 22:30:48,594 - INFO - Done: Console_Wars_Space_Jockey_Hack_2000_Greg_Thompson_screenshot.gif
2025-12-20 22:30:48,904 - INFO - Done: screenshot_00.png
2025-12-20 22:30:48,971 - INFO - Done: screenshot_00_thumb.jpg
2025-12-20 22:30:49,039 - INFO - Done: screenshot_01.png
2025-12-20 22:30:49,074 - INFO - Done: screenshot_01_thumb.jpg
2025-12-20 22:30:49,158 - INFO - Done: screenshot_02.png
2025-12-20 22:30:49,209 - INFO - Done: screenshot_02_thumb.jpg
2025-12-20 22:30:49,419 - INFO - Done: screenshot_03.png
2025-12-20 22:30:49,511 - INFO - Done: screenshot_03_thumb.jpg
2025-12-20 22:30:49,621 - INFO - Done: screenshot_04.png
2025-12-20 22:30:49,655 - INFO - Done: screenshot_04_thumb.jpg
2025-12-20 22:30:49,730 - INFO - Done: screenshot_06.png
2025-12-20 22:30:49,823 - INFO - Done: screenshot_05.png
2025-12-20 22:30:49,892 - INFO - Done: screenshot_05_thumb.jpg
2025-12-20 22:30:50,076 - INFO - Done: screenshot_06_thumb.jpg
2025-12-20 22:30:50,202 - INFO - Done: screenshot_07.png
2025-12-20 22:30:50,269 - INFO - Done: screenshot_07_thumb.jpg
2025-12-20 22:30:50,371 - INFO - Done: screenshot_08.png
2025-12-20 22:30:50,438 - INFO - Done: screenshot_08_thumb.jpg
2025-12-20 22:30:50,497 - INFO - Done: screenshot_09.png
2025-12-20 22:30:50,649 - INFO - Done: screenshot_09_thumb.jpg
2025-12-20 22:30:50,827 - INFO - Done: screenshot_10.png
2025-12-20 22:30:50,861 - INFO - Done: screenshot_10_thumb.jpg
2025-12-20 22:30:51,021 - INFO - Done: screenshot_11.png
2025-12-20 22:30:51,054 - INFO - Done: screenshot_12.png
2025-12-20 22:30:51,088 - INFO - Done: screenshot_11_thumb.jpg
2025-12-20 22:30:51,307 - INFO - Done: screenshot_14.png
2025-12-20 22:30:51,340 - INFO - Done: screenshot_12_thumb.jpg
2025-12-20 22:30:51,425 - INFO - Done: screenshot_13.png
2025-12-20 22:30:51,510 - INFO - Done: screenshot_13_thumb.jpg
2025-12-20 22:30:51,696 - INFO - Done: screenshot_15.png
2025-12-20 22:30:51,763 - INFO - Done: screenshot_14_thumb.jpg
2025-12-20 22:30:51,923 - INFO - Done: screenshot_15_thumb.jpg
2025-12-20 22:30:51,982 - INFO - Done: screenshot_16_thumb.jpg
2025-12-20 22:30:52,033 - INFO - Done: screenshot_16.png
2025-12-20 22:30:52,066 - INFO - Done: screenshot_17.png
2025-12-20 22:30:52,300 - INFO - Done: screenshot_17_thumb.jpg
2025-12-20 22:30:52,513 - INFO - Done: screenshot_18.png
2025-12-20 22:30:52,613 - INFO - Done: screenshot_18_thumb.jpg
2025-12-20 22:30:53,208 - INFO - Done: 00_coverscreenshot_thumb.jpg
2025-12-20 22:30:53,267 - INFO - Done: Game_Poems_Stately_Hippo_1K_2008_Ian_Bogost.bin
2025-12-20 22:30:53,351 - INFO - Done: 00_coverscreenshot.png
2025-12-20 22:30:53,402 - INFO - Done: __ia_thumb.jpg
2025-12-20 22:30:53,487 - INFO - Done: Game_Poems_Stately_Hippo_1K_2008_Ian_Bogost_screenshot.gif
2025-12-20 22:30:53,572 - INFO - Done: Game_Poems_Stately_Hippo_1K_2008_Ian_Bogost_meta.sqlite
2025-12-20 22:30:53,798 - INFO - Done: screenshot_00.png
2025-12-20 22:30:53,841 - INFO - Done: screenshot_00_thumb.jpg
2025-12-20 22:30:53,934 - INFO - Done: screenshot_01_thumb.jpg
2025-12-20 22:30:54,018 - INFO - Done: screenshot_01.png
2025-12-20 22:30:54,119 - INFO - Done: screenshot_02.png
2025-12-20 22:30:54,153 - INFO - Done: screenshot_02_thumb.jpg
2025-12-20 22:30:54,322 - INFO - Done: screenshot_03.png
2025-12-20 22:30:54,440 - INFO - Done: screenshot_03_thumb.jpg
2025-12-20 22:30:54,499 - INFO - Done: screenshot_04.png
2025-12-20 22:30:54,600 - INFO - Done: screenshot_04_thumb.jpg
2025-12-20 22:30:54,769 - INFO - Done: screenshot_05.png
2025-12-20 22:30:54,852 - INFO - Done: screenshot_05_thumb.jpg
2025-12-20 22:30:54,964 - INFO - Done: screenshot_06.png
2025-12-20 22:30:55,073 - INFO - Done: screenshot_06_thumb.jpg
2025-12-20 22:30:55,124 - INFO - Done: screenshot_07.png
2025-12-20 22:30:55,208 - INFO - Done: screenshot_07_thumb.jpg
2025-12-20 22:30:55,368 - INFO - Done: screenshot_08.png
2025-12-20 22:30:55,401 - INFO - Done: screenshot_08_thumb.jpg
2025-12-20 22:30:55,544 - INFO - Done: screenshot_09.png
2025-12-20 22:30:55,654 - INFO - Done: screenshot_09_thumb.jpg
2025-12-20 22:30:55,688 - INFO - Done: screenshot_10.png
2025-12-20 22:30:55,841 - INFO - Done: screenshot_10_thumb.jpg
2025-12-20 22:30:56,101 - INFO - Done: screenshot_11_thumb.jpg
2025-12-20 22:30:56,211 - INFO - Done: screenshot_11.png
2025-12-20 22:30:56,245 - INFO - Done: screenshot_12.png
2025-12-20 22:30:56,346 - INFO - Done: screenshot_12_thumb.jpg
2025-12-20 22:30:56,379 - INFO - Done: thingiverse-1565877_meta.sqlite
2025-12-20 22:30:56,530 - INFO - Done: Battery_box_3x_18650_1565877.zip
2025-12-20 22:30:56,867 - INFO - Done: Bobby_Is_Going_Home_Rentacom_meta.sqlite
2025-12-20 22:30:56,901 - INFO - Done: 00_coverscreenshot.png
2025-12-20 22:30:57,060 - INFO - Done: 00_coverscreenshot_thumb.jpg
2025-12-20 22:30:57,162 - INFO - Done: Bobby_Is_Going_Home_Rentacom.bin
2025-12-20 22:30:57,195 - INFO - Done: __ia_thumb.jpg
2025-12-20 22:30:57,304 - INFO - Done: Bobby_Is_Going_Home_Rentacom_screenshot.gif
2025-12-20 22:30:57,456 - INFO - Done: screenshot_00_thumb.jpg
2025-12-20 22:30:57,481 - INFO - Done: screenshot_00.png
2025-12-20 22:30:57,643 - INFO - Done: screenshot_01.png
2025-12-20 22:30:57,718 - INFO - Done: screenshot_01_thumb.jpg
2025-12-20 22:30:57,786 - INFO - Done: screenshot_02.png
2025-12-20 22:30:57,904 - INFO - Done: screenshot_02_thumb.jpg
2025-12-20 22:30:58,008 - INFO - Done: screenshot_03.png
2025-12-20 22:30:58,106 - INFO - Done: screenshot_03_thumb.jpg
2025-12-20 22:30:58,207 - INFO - Done: screenshot_04.png
2025-12-20 22:30:58,293 - INFO - Done: screenshot_04_thumb.jpg
2025-12-20 22:30:58,327 - INFO - Done: screenshot_05.png
2025-12-20 22:30:58,461 - INFO - Done: screenshot_05_thumb.jpg
2025-12-20 22:30:58,563 - INFO - Done: screenshot_06.png
2025-12-20 22:30:58,596 - INFO - Done: screenshot_06_thumb.jpg
2025-12-20 22:30:58,798 - INFO - Done: screenshot_07.png
2025-12-20 22:30:58,832 - INFO - Done: screenshot_07_thumb.jpg
2025-12-20 22:30:58,857 - INFO - Done: screenshot_09_thumb.jpg
2025-12-20 22:30:58,960 - INFO - Done: screenshot_08.png
2025-12-20 22:30:58,994 - INFO - Done: screenshot_08_thumb.jpg
2025-12-20 22:30:59,127 - INFO - Done: screenshot_09.png
2025-12-20 22:30:59,338 - INFO - Done: screenshot_10.png
2025-12-20 22:30:59,371 - INFO - Done: screenshot_10_thumb.jpg
2025-12-20 22:30:59,866 - INFO - Done: 00_coverscreenshot_thumb.jpg
2025-12-20 22:30:59,942 - INFO - Done: Game_Poems_Sunday_Coffee_1K_2008_Ian_Bogost_meta.sqlite
2025-12-20 22:31:00,129 - INFO - Done: __ia_thumb.jpg
2025-12-20 22:31:00,163 - INFO - Done: Game_Poems_Sunday_Coffee_1K_2008_Ian_Bogost.bin
2025-12-20 22:31:00,221 - INFO - Done: Game_Poems_Sunday_Coffee_1K_2008_Ian_Bogost_screenshot.gif
2025-12-20 22:31:00,281 - INFO - Done: 00_coverscreenshot.png
2025-12-20 22:31:00,415 - INFO - Done: screenshot_00.png
2025-12-20 22:31:00,440 - INFO - Done: screenshot_00_thumb.jpg
2025-12-20 22:31:00,617 - INFO - Done: screenshot_01.png
2025-12-20 22:31:00,736 - INFO - Done: screenshot_01_thumb.jpg
2025-12-20 22:31:00,988 - INFO - Done: 00_coverscreenshot.png
2025-12-20 22:31:01,072 - INFO - Done: Greeting_Cart_VGA_2003_Andrew_Davie.bin
2025-12-20 22:31:01,165 - INFO - Done: Greeting_Cart_VGA_2003_Andrew_Davie_meta.sqlite
2025-12-20 22:31:01,199 - INFO - Done: 00_coverscreenshot_thumb.jpg
2025-12-20 22:31:01,300 - INFO - Done: __ia_thumb.jpg
2025-12-20 22:31:01,502 - INFO - Done: Greeting_Cart_VGA_2003_Andrew_Davie_screenshot.gif
2025-12-20 22:31:01,536 - INFO - Done: screenshot_00.png
2025-12-20 22:31:01,671 - INFO - Done: screenshot_00_thumb.jpg
2025-12-20 22:31:01,731 - INFO - Done: screenshot_01.png
2025-12-20 22:31:01,756 - INFO - Done: screenshot_01_thumb.jpg
2025-12-20 22:31:01,857 - INFO - Done: screenshot_02.png
2025-12-20 22:31:01,941 - INFO - Done: screenshot_03_thumb.jpg
2025-12-20 22:31:02,135 - INFO - Done: screenshot_02_thumb.jpg
2025-12-20 22:31:02,236 - INFO - Done: screenshot_03.png
2025-12-20 22:31:02,303 - INFO - Done: screenshot_04.png
2025-12-20 22:31:02,337 - INFO - Done: screenshot_04_thumb.jpg
2025-12-20 22:31:02,393 - INFO - =============================================
2025-12-20 22:31:02,393 - INFO -          ARCHIVAL SESSION SUMMARY
2025-12-20 22:31:02,394 - INFO - =============================================
2025-12-20 22:31:02,394 - INFO - Total Duration:   0m 29s
2025-12-20 22:31:02,394 - INFO - Files Processed:  241 / 241
2025-12-20 22:31:02,394 - INFO - Session Data:     22.87 MB
2025-12-20 22:31:02,394 - INFO - Avg Throughput:   788.42 KB/s
2025-12-20 22:31:02,394 - INFO - Total Failures:   0
2025-12-20 22:31:02,394 - INFO - =============================================
